{"timestamp":"2021-03-12T23:32:42,689","container":"39e8243f6403","level":"INFO","thread":"main","class":"AltBN128PairingPrecompiledContract","message":"Using native alt bn128","throwable":""}
{"timestamp":"2021-03-12T23:32:59,644","container":"39e8243f6403","level":"INFO","thread":"main","class":"SECP256K1","message":"Using native secp256k1","throwable":""}
{"timestamp":"2021-03-12T23:32:59,733","container":"39e8243f6403","level":"INFO","thread":"main","class":"Besu","message":"Starting Besu version: besu/v20.10.0/linux-x86_64/oracle_openjdk-java-11","throwable":""}
{"timestamp":"2021-03-12T23:33:03,599","container":"39e8243f6403","level":"WARN","thread":"main","class":"Besu","message":"--min-gas-price has been ignored because --miner-enabled was not defined on the command line.","throwable":""}
{"timestamp":"2021-03-12T23:33:04,635","container":"39e8243f6403","level":"INFO","thread":"main","class":"StaticNodesParser","message":"StaticNodes file /opt/besu/data/static-nodes.json does not exist, no static connections will be created.","throwable":""}
{"timestamp":"2021-03-12T23:33:04,643","container":"39e8243f6403","level":"INFO","thread":"main","class":"Besu","message":"Connecting to 0 static nodes.","throwable":""}
{"timestamp":"2021-03-12T23:33:04,851","container":"39e8243f6403","level":"INFO","thread":"main","class":"Besu","message":"Security Module: localfile","throwable":""}
{"timestamp":"2021-03-12T23:33:06,046","container":"39e8243f6403","level":"INFO","thread":"main","class":"KeyPairUtil","message":"Loaded public key 0x51729f1b4186db1701e13d9e71b7b4f0a35e0cc1f480c904c5e758b5b76936685dccde490c623a79f6c6c5d1dfd3eae37d35101e1a9a2d06536074562dd77604 from /opt/besu/keys/key","throwable":""}
{"timestamp":"2021-03-12T23:33:06,300","container":"39e8243f6403","level":"WARN","thread":"main","class":"Besu","message":"Privacy is disabled. Cannot use EEA/PRIV API methods when not using Privacy.","throwable":""}
{"timestamp":"2021-03-12T23:33:06,966","container":"39e8243f6403","level":"INFO","thread":"main","class":"RocksDBKeyValueStorageFactory","message":"No existing database detected at /opt/besu/data. Using version 1","throwable":""}
{"timestamp":"2021-03-12T23:33:14,516","container":"39e8243f6403","level":"INFO","thread":"main","class":"ProtocolScheduleBuilder","message":"Protocol schedule created with milestones: [ConstantinopleFix: 0]","throwable":""}
{"timestamp":"2021-03-12T23:33:18,857","container":"39e8243f6403","level":"INFO","thread":"main","class":"RunnerBuilder","message":"Detecting NAT service.","throwable":""}
{"timestamp":"2021-03-12T23:33:30,106","container":"39e8243f6403","level":"INFO","thread":"main","class":"Runner","message":"Starting Ethereum main loop ... ","throwable":""}
{"timestamp":"2021-03-12T23:33:30,123","container":"39e8243f6403","level":"INFO","thread":"main","class":"DockerNatManager","message":"Starting docker NAT manager.","throwable":""}
{"timestamp":"2021-03-12T23:33:30,203","container":"39e8243f6403","level":"INFO","thread":"main","class":"NetworkRunner","message":"Starting Network.","throwable":""}
{"timestamp":"2021-03-12T23:33:31,663","container":"39e8243f6403","level":"INFO","thread":"nioEventLoopGroup-2-1","class":"RlpxAgent","message":"P2P RLPx agent started and listening on /0.0.0.0:30303.","throwable":""}
{"timestamp":"2021-03-12T23:33:31,683","container":"39e8243f6403","level":"INFO","thread":"main","class":"PeerDiscoveryAgent","message":"Starting peer discovery agent on host=0.0.0.0, port=30303","throwable":""}
{"timestamp":"2021-03-12T23:33:33,130","container":"39e8243f6403","level":"INFO","thread":"vert.x-eventloop-thread-2","class":"VertxPeerDiscoveryAgent","message":"Started peer discovery agent successfully, on effective host=0.0.0.0 and port=30303","throwable":""}
{"timestamp":"2021-03-12T23:33:33,198","container":"39e8243f6403","level":"INFO","thread":"vert.x-eventloop-thread-2","class":"PeerDiscoveryAgent","message":"P2P peer discovery agent started and listening on /0.0.0.0:30303","throwable":""}
{"timestamp":"2021-03-12T23:33:34,584","container":"39e8243f6403","level":"INFO","thread":"main","class":"DefaultP2PNetwork","message":"Enode URL enode://51729f1b4186db1701e13d9e71b7b4f0a35e0cc1f480c904c5e758b5b76936685dccde490c623a79f6c6c5d1dfd3eae37d35101e1a9a2d06536074562dd77604@172.16.239.15:30303","throwable":""}
{"timestamp":"2021-03-12T23:33:34,612","container":"39e8243f6403","level":"INFO","thread":"main","class":"DefaultP2PNetwork","message":"Node address 0x5dc16c5365102b3c25d8a372123e52a766ee5195","throwable":""}
{"timestamp":"2021-03-12T23:33:34,687","container":"39e8243f6403","level":"INFO","thread":"main","class":"DefaultSynchronizer","message":"Starting synchronizer.","throwable":""}
{"timestamp":"2021-03-12T23:33:34,822","container":"39e8243f6403","level":"INFO","thread":"main","class":"FullSyncDownloader","message":"Starting full sync.","throwable":""}
{"timestamp":"2021-03-12T23:33:34,867","container":"39e8243f6403","level":"INFO","thread":"main","class":"FullSyncTargetManager","message":"No sync target, waiting for peers: 0","throwable":""}
{"timestamp":"2021-03-12T23:33:36,208","container":"39e8243f6403","level":"INFO","thread":"main","class":"JsonRpcHttpService","message":"Starting JSON-RPC service on 0.0.0.0:8545","throwable":""}
{"timestamp":"2021-03-12T23:33:37,367","container":"39e8243f6403","level":"INFO","thread":"vert.x-eventloop-thread-6","class":"JsonRpcHttpService","message":"JSON-RPC service started and listening on 0.0.0.0:8545","throwable":""}
{"timestamp":"2021-03-12T23:33:37,407","container":"39e8243f6403","level":"INFO","thread":"main","class":"GraphQLHttpService","message":"Starting GraphQL HTTP service on 0.0.0.0:8547","throwable":""}
{"timestamp":"2021-03-12T23:33:37,703","container":"39e8243f6403","level":"INFO","thread":"main","class":"WebSocketService","message":"Starting Websocket service on 0.0.0.0:8546","throwable":""}
{"timestamp":"2021-03-12T23:33:37,708","container":"39e8243f6403","level":"INFO","thread":"vert.x-eventloop-thread-0","class":"GraphQLHttpService","message":"GraphQL HTTP service started and listening on 0.0.0.0:8547","throwable":""}
{"timestamp":"2021-03-12T23:33:37,873","container":"39e8243f6403","level":"INFO","thread":"vert.x-eventloop-thread-1","class":"WebSocketService","message":"Websocket service started and listening on 0.0.0.0:8546","throwable":""}
{"timestamp":"2021-03-12T23:33:37,912","container":"39e8243f6403","level":"INFO","thread":"main","class":"MetricsHttpService","message":"Starting metrics http service on 0.0.0.0:9545","throwable":""}
{"timestamp":"2021-03-12T23:33:38,115","container":"39e8243f6403","level":"INFO","thread":"vert.x-eventloop-thread-3","class":"MetricsHttpService","message":"Metrics service started and listening on 9545:9545","throwable":""}
{"timestamp":"2021-03-12T23:33:38,229","container":"39e8243f6403","level":"INFO","thread":"main","class":"Runner","message":"Ethereum main loop is up.","throwable":""}
{"timestamp":"2021-03-12T23:33:39,726","container":"39e8243f6403","level":"INFO","thread":"main","class":"AutoTransactionLogBloomCachingService","message":"Starting auto transaction log bloom caching service.","throwable":""}
{"timestamp":"2021-03-12T23:33:39,884","container":"39e8243f6403","level":"INFO","thread":"main","class":"LogBloomCacheMetadata","message":"Lookup cache metadata file in data directory: /opt/besu/data/caches","throwable":""}
{"timestamp":"2021-03-12T23:33:41,217","container":"39e8243f6403","level":"INFO","thread":"EthScheduler-Timer-0","class":"FullSyncTargetManager","message":"No sync target, waiting for peers: 0","throwable":""}
{"timestamp":"2021-03-12T23:33:46,391","container":"39e8243f6403","level":"INFO","thread":"EthScheduler-Timer-0","class":"FullSyncTargetManager","message":"No sync target, waiting for peers: 0","throwable":""}
{"timestamp":"2021-03-12T23:33:51,423","container":"39e8243f6403","level":"INFO","thread":"EthScheduler-Timer-0","class":"FullSyncTargetManager","message":"No sync target, waiting for peers: 1","throwable":""}
{"timestamp":"2021-03-12T23:33:53,696","container":"39e8243f6403","level":"INFO","thread":"nioEventLoopGroup-3-1","class":"FullSyncTargetManager","message":"No sync target, waiting for peers: 1","throwable":""}
{"timestamp":"2021-03-12T23:33:58,738","container":"39e8243f6403","level":"INFO","thread":"EthScheduler-Timer-0","class":"FullSyncTargetManager","message":"No sync target, waiting for peers: 1","throwable":""}
{"timestamp":"2021-03-12T23:34:03,758","container":"39e8243f6403","level":"INFO","thread":"EthScheduler-Timer-0","class":"FullSyncTargetManager","message":"No sync target, waiting for peers: 1","throwable":""}
{"timestamp":"2021-03-12T23:34:06,498","container":"39e8243f6403","level":"INFO","thread":"nioEventLoopGroup-3-3","class":"FullSyncTargetManager","message":"No sync target, waiting for peers: 2","throwable":""}
{"timestamp":"2021-03-12T23:34:11,588","container":"39e8243f6403","level":"INFO","thread":"EthScheduler-Timer-0","class":"FullSyncTargetManager","message":"No sync target, waiting for peers: 3","throwable":""}
{"timestamp":"2021-03-12T23:34:12,423","container":"39e8243f6403","level":"INFO","thread":"nioEventLoopGroup-3-5","class":"FullSyncTargetManager","message":"No sync target, waiting for peers: 3","throwable":""}
{"timestamp":"2021-03-12T23:34:16,514","container":"39e8243f6403","level":"INFO","thread":"nioEventLoopGroup-3-7","class":"FullSyncTargetManager","message":"No sync target, waiting for peers: 4","throwable":""}
{"timestamp":"2021-03-12T23:34:19,807","container":"39e8243f6403","level":"INFO","thread":"EthScheduler-Workers-0","class":"PersistBlockTask","message":"Imported #1 / 0 tx / 0 om / 0 (0.0%) gas / (0x9c480c0c66292d7e54f910357b81b1047036f04796b87c80bfca6b615f6b0154) in 1.214s. Peers: 4","throwable":""}
{"timestamp":"2021-03-12T23:34:21,584","container":"39e8243f6403","level":"INFO","thread":"EthScheduler-Timer-0","class":"FullSyncTargetManager","message":"No sync target, waiting for peers: 4","throwable":""}
{"timestamp":"2021-03-12T23:34:24,887","container":"39e8243f6403","level":"INFO","thread":"EthScheduler-Workers-2","class":"PersistBlockTask","message":"Imported #2 / 0 tx / 0 om / 0 (0.0%) gas / (0x72ec24565dd1d1aaadea8ea822ed7f58e61331c2ff87f0b00235afa9655a1d1d) in 0.285s. Peers: 4","throwable":""}
{"timestamp":"2021-03-12T23:34:26,622","container":"39e8243f6403","level":"INFO","thread":"EthScheduler-Workers-1","class":"PersistBlockTask","message":"Imported #3 / 0 tx / 0 om / 0 (0.0%) gas / (0x71516ab89065575e33921909bcf29827e6645062e9498f2ab4a9d38bb362dd85) in 0.066s. Peers: 4","throwable":""}
{"timestamp":"2021-03-12T23:34:30,980","container":"39e8243f6403","level":"INFO","thread":"EthScheduler-Workers-3","class":"PersistBlockTask","message":"Imported #4 / 0 tx / 0 om / 0 (0.0%) gas / (0xaa5165aa1c520ce36468894bb84b93230084ae59134036aa77265764cd64b258) in 0.090s. Peers: 4","throwable":""}
{"timestamp":"2021-03-12T23:34:32,881","container":"39e8243f6403","level":"INFO","thread":"EthScheduler-Workers-0","class":"PersistBlockTask","message":"Imported #5 / 0 tx / 0 om / 0 (0.0%) gas / (0xedb04a17b9c4b8848403808aa6740e966d3442ea0d39879ea7abae165599cbf4) in 0.102s. Peers: 4","throwable":""}
{"timestamp":"2021-03-12T23:34:35,448","container":"39e8243f6403","level":"INFO","thread":"EthScheduler-Workers-2","class":"PersistBlockTask","message":"Imported #6 / 0 tx / 0 om / 0 (0.0%) gas / (0xf993b84c436c3e3b7d2443023b00a62563f4f3d724aa15f588c087d4c6aaa59d) in 0.198s. Peers: 4","throwable":""}
{"timestamp":"2021-03-12T23:34:37,195","container":"39e8243f6403","level":"INFO","thread":"EthScheduler-Workers-1","class":"PersistBlockTask","message":"Imported #7 / 0 tx / 0 om / 0 (0.0%) gas / (0x5f67462c6930c2cfb9a73b6ed0225570b6978e9176c5c1b7cc0d5aa7133ac959) in 0.055s. Peers: 4","throwable":""}
{"timestamp":"2021-03-12T23:34:38,734","container":"39e8243f6403","level":"INFO","thread":"EthScheduler-Workers-3","class":"PersistBlockTask","message":"Imported #8 / 0 tx / 0 om / 0 (0.0%) gas / (0x99acacb492466d7e0b603b9cb532d8d0404cda4e1806a3f684d7f86827e664e0) in 0.090s. Peers: 4","throwable":""}
{"timestamp":"2021-03-12T23:34:41,189","container":"39e8243f6403","level":"INFO","thread":"EthScheduler-Workers-0","class":"PersistBlockTask","message":"Imported #9 / 0 tx / 0 om / 0 (0.0%) gas / (0x552e2949faa3bd365b45a29f8e8b603ab79523d88963a90fce57590d78b57ff2) in 0.100s. Peers: 4","throwable":""}
{"timestamp":"2021-03-12T23:34:42,935","container":"39e8243f6403","level":"INFO","thread":"EthScheduler-Workers-2","class":"PersistBlockTask","message":"Imported #10 / 0 tx / 0 om / 0 (0.0%) gas / (0x153c5d68a6eac74bfe8aaf8c09212955f0ba2ecef07232aae4baa7ebe774d85d) in 0.211s. Peers: 4","throwable":""}
{"timestamp":"2021-03-12T23:34:45,574","container":"39e8243f6403","level":"INFO","thread":"EthScheduler-Workers-1","class":"PersistBlockTask","message":"Imported #11 / 0 tx / 0 om / 0 (0.0%) gas / (0xdd15c22d32f48dba6cd374c23cd8a6b16b52570f3ab1712b267a3c5d05f52946) in 0.143s. Peers: 4","throwable":""}
{"timestamp":"2021-03-12T23:34:48,396","container":"39e8243f6403","level":"INFO","thread":"EthScheduler-Workers-3","class":"PersistBlockTask","message":"Imported #12 / 0 tx / 0 om / 0 (0.0%) gas / (0x1dd9a6a505b8acd7e9a6c619e003bf3ea359f84c91362df853308cd8ddfce951) in 0.130s. Peers: 4","throwable":""}
{"timestamp":"2021-03-12T23:34:50,504","container":"39e8243f6403","level":"INFO","thread":"EthScheduler-Workers-0","class":"PersistBlockTask","message":"Imported #13 / 0 tx / 0 om / 0 (0.0%) gas / (0x7cb445f125332d26fd6d213cdd0172843713a985743314f01eae9cab01c3a834) in 0.103s. Peers: 4","throwable":""}
{"timestamp":"2021-03-12T23:34:53,183","container":"39e8243f6403","level":"INFO","thread":"EthScheduler-Workers-2","class":"PersistBlockTask","message":"Imported #14 / 0 tx / 0 om / 0 (0.0%) gas / (0x47ae6fce9cac44e547d5fa8256bafe31238a49ef2e016e8e29f7dcfd597c8875) in 0.078s. Peers: 4","throwable":""}
{"timestamp":"2021-03-12T23:34:54,902","container":"39e8243f6403","level":"INFO","thread":"EthScheduler-Workers-1","class":"PersistBlockTask","message":"Imported #15 / 0 tx / 0 om / 0 (0.0%) gas / (0xdff9b94aac8421b344d5eda90e9905227e21d17a5dddfbff74777ea2e468133f) in 0.258s. Peers: 4","throwable":""}
{"timestamp":"2021-03-12T23:34:56,627","container":"39e8243f6403","level":"INFO","thread":"EthScheduler-Workers-3","class":"PersistBlockTask","message":"Imported #16 / 0 tx / 0 om / 0 (0.0%) gas / (0x4f02b85ea0a47d3993c21e930c1c92b4146288826a1341ee74f1327b9453251e) in 0.074s. Peers: 4","throwable":""}
{"timestamp":"2021-03-12T23:34:58,532","container":"39e8243f6403","level":"INFO","thread":"EthScheduler-Workers-0","class":"PersistBlockTask","message":"Imported #17 / 0 tx / 0 om / 0 (0.0%) gas / (0xcfb2fe96f190bc9b4bed0ca9b438961c02fa386690b25ae066737ec150366ba4) in 0.285s. Peers: 4","throwable":""}
{"timestamp":"2021-03-12T23:35:01,563","container":"39e8243f6403","level":"INFO","thread":"EthScheduler-Workers-2","class":"PersistBlockTask","message":"Imported #18 / 0 tx / 0 om / 0 (0.0%) gas / (0x21de9a95bdb54c084f445c7628fa6e05ecbe4b3dabab612aad59e7467cc2dff1) in 0.158s. Peers: 4","throwable":""}
{"timestamp":"2021-03-12T23:35:03,376","container":"39e8243f6403","level":"INFO","thread":"EthScheduler-Workers-1","class":"PersistBlockTask","message":"Imported #19 / 0 tx / 0 om / 0 (0.0%) gas / (0xe34b196dd6528a4628cc73e031c7f8c18ce0e5d1f7bd0f332e5ca90391c0bd35) in 0.078s. Peers: 4","throwable":""}
{"timestamp":"2021-03-12T23:35:06,148","container":"39e8243f6403","level":"INFO","thread":"EthScheduler-Workers-3","class":"PersistBlockTask","message":"Imported #20 / 0 tx / 0 om / 0 (0.0%) gas / (0xdd61c5c94d5bd36c1d03efd8fd491cffe046c9c8ba31b23873854d9ba9725497) in 0.286s. Peers: 4","throwable":""}
{"timestamp":"2021-03-12T23:35:07,992","container":"39e8243f6403","level":"INFO","thread":"EthScheduler-Workers-0","class":"PersistBlockTask","message":"Imported #21 / 0 tx / 0 om / 0 (0.0%) gas / (0xfff4b5131d0fdc735e33eb8073f4385fb6cb6bd80ba4c52b0b538cc22ce403bd) in 0.086s. Peers: 4","throwable":""}
{"timestamp":"2021-03-12T23:35:09,726","container":"39e8243f6403","level":"INFO","thread":"EthScheduler-Workers-2","class":"PersistBlockTask","message":"Imported #22 / 0 tx / 0 om / 0 (0.0%) gas / (0x1204c6acfca128cf0fd567bcaccbce572e838f64c2fe31ebc51dd48be714e215) in 0.057s. Peers: 4","throwable":""}
{"timestamp":"2021-03-12T23:35:11,835","container":"39e8243f6403","level":"INFO","thread":"EthScheduler-Workers-1","class":"PersistBlockTask","message":"Imported #23 / 0 tx / 0 om / 0 (0.0%) gas / (0x91541ff41c485bc159d0b9fbc6d629d0f309715f63f7bd91250d5b24646db17e) in 0.255s. Peers: 4","throwable":""}
{"timestamp":"2021-03-12T23:35:13,894","container":"39e8243f6403","level":"INFO","thread":"EthScheduler-Workers-3","class":"PersistBlockTask","message":"Imported #24 / 0 tx / 0 om / 0 (0.0%) gas / (0xc8f053e91d8a742a49e8c37f3ca639601c9ed4f6a917b52e93658c3033096c47) in 0.066s. Peers: 4","throwable":""}
{"timestamp":"2021-03-12T23:35:15,123","container":"39e8243f6403","level":"INFO","thread":"EthScheduler-Workers-0","class":"PersistBlockTask","message":"Imported #25 / 0 tx / 0 om / 0 (0.0%) gas / (0x7616c5e340bc58d32dfcf166967749426ff40b99cd1ca7c17dca54522dc19893) in 0.063s. Peers: 4","throwable":""}
{"timestamp":"2021-03-12T23:35:17,308","container":"39e8243f6403","level":"INFO","thread":"EthScheduler-Workers-2","class":"PersistBlockTask","message":"Imported #26 / 0 tx / 0 om / 0 (0.0%) gas / (0x1c3af52c9d848dc82be13dd270c564254df29603ad6e5765f92a75964326d17a) in 0.213s. Peers: 4","throwable":""}
{"timestamp":"2021-03-12T23:35:19,068","container":"39e8243f6403","level":"INFO","thread":"EthScheduler-Workers-1","class":"PersistBlockTask","message":"Imported #27 / 0 tx / 0 om / 0 (0.0%) gas / (0xbf6559b3959986ef265839b5c74f3f4bd48d75eb46227ba5521699af01971f44) in 0.193s. Peers: 4","throwable":""}
{"timestamp":"2021-03-12T23:35:21,452","container":"39e8243f6403","level":"INFO","thread":"EthScheduler-Workers-3","class":"PersistBlockTask","message":"Imported #28 / 0 tx / 0 om / 0 (0.0%) gas / (0xb82cb4b1f6e7f1943c212c78717759ec8cb3bf5d0f7cb7946faed237e963a997) in 0.187s. Peers: 4","throwable":""}
{"timestamp":"2021-03-12T23:35:23,342","container":"39e8243f6403","level":"INFO","thread":"EthScheduler-Workers-0","class":"PersistBlockTask","message":"Imported #29 / 0 tx / 0 om / 0 (0.0%) gas / (0xaf61e05293281754d7496278dafa4ca5b0a9bc7d2eb69a40a76f44b87e4eb7a9) in 0.355s. Peers: 4","throwable":""}
{"timestamp":"2021-03-12T23:35:24,962","container":"39e8243f6403","level":"INFO","thread":"EthScheduler-Workers-2","class":"PersistBlockTask","message":"Imported #30 / 0 tx / 0 om / 0 (0.0%) gas / (0xe5b0cf8ed48033f577deceb148a85879507973db37bb2e2fe72cca9cc003c74f) in 0.079s. Peers: 4","throwable":""}
{"timestamp":"2021-03-12T23:35:26,811","container":"39e8243f6403","level":"INFO","thread":"EthScheduler-Workers-1","class":"PersistBlockTask","message":"Imported #31 / 0 tx / 0 om / 0 (0.0%) gas / (0xf5d8c4da169ba971225da9d5414448eefc28b992281c6a67eaa60d2e01f451bc) in 0.073s. Peers: 4","throwable":""}
{"timestamp":"2021-03-12T23:35:29,876","container":"39e8243f6403","level":"INFO","thread":"EthScheduler-Workers-3","class":"PersistBlockTask","message":"Imported #32 / 0 tx / 0 om / 0 (0.0%) gas / (0x8b45104652351fd8d7582834cabe8f225a4a7547b89b08aac6c56c556cd3cae3) in 0.165s. Peers: 4","throwable":""}
{"timestamp":"2021-03-12T23:35:31,530","container":"39e8243f6403","level":"INFO","thread":"EthScheduler-Workers-0","class":"PersistBlockTask","message":"Imported #33 / 0 tx / 0 om / 0 (0.0%) gas / (0xc5b174815e885da1858399ef13fed78a0df080865d232283ed6fee5dea80ad8d) in 0.083s. Peers: 4","throwable":""}
{"timestamp":"2021-03-12T23:35:32,707","container":"39e8243f6403","level":"INFO","thread":"EthScheduler-Workers-2","class":"PersistBlockTask","message":"Imported #34 / 0 tx / 0 om / 0 (0.0%) gas / (0xf86896a19790a56bfa9f36c11e51b466909fb52bdb63ece0ac4b6fa962196bc8) in 0.124s. Peers: 4","throwable":""}
{"timestamp":"2021-03-12T23:35:35,061","container":"39e8243f6403","level":"INFO","thread":"EthScheduler-Workers-1","class":"PersistBlockTask","message":"Imported #35 / 0 tx / 0 om / 0 (0.0%) gas / (0xdf47ac261f509b72d0ad74aa9c18a516c2cbb4bed9f9eeffba2cf5150855b7d8) in 0.223s. Peers: 4","throwable":""}
{"timestamp":"2021-03-12T23:35:37,030","container":"39e8243f6403","level":"INFO","thread":"EthScheduler-Workers-3","class":"PersistBlockTask","message":"Imported #36 / 0 tx / 0 om / 0 (0.0%) gas / (0x6f02a325b9cb574b102d776863ba286f1a5f9704569cdb0a53ea94c96f61cb86) in 0.111s. Peers: 4","throwable":""}
{"timestamp":"2021-03-12T23:35:38,665","container":"39e8243f6403","level":"INFO","thread":"EthScheduler-Workers-0","class":"PersistBlockTask","message":"Imported #37 / 0 tx / 0 om / 0 (0.0%) gas / (0x0de110e038cb65d4cfe252605bce7f503d58a6b91dbc8c174deddf1ba892c7bd) in 0.056s. Peers: 4","throwable":""}
{"timestamp":"2021-03-12T23:35:40,522","container":"39e8243f6403","level":"INFO","thread":"EthScheduler-Workers-2","class":"PersistBlockTask","message":"Imported #38 / 0 tx / 0 om / 0 (0.0%) gas / (0xd5b7b3cb1885e4168c766e7c73a8e8af3899613969a3e9a13ce4a65b4956028d) in 0.028s. Peers: 4","throwable":""}
{"timestamp":"2021-03-12T23:35:42,598","container":"39e8243f6403","level":"INFO","thread":"EthScheduler-Workers-1","class":"PersistBlockTask","message":"Imported #39 / 0 tx / 0 om / 0 (0.0%) gas / (0xe499f1981903f81a55f3f1103a70c92c8751f1e2c6637f84de743653da4ccc61) in 0.029s. Peers: 4","throwable":""}
{"timestamp":"2021-03-12T23:35:44,749","container":"39e8243f6403","level":"INFO","thread":"EthScheduler-Workers-3","class":"PersistBlockTask","message":"Imported #40 / 0 tx / 0 om / 0 (0.0%) gas / (0x56b3ff53e884922408f122dc564074f5891971d62a80e7bcb7cdc2d83dc89cf7) in 0.039s. Peers: 4","throwable":""}
{"timestamp":"2021-03-12T23:35:46,404","container":"39e8243f6403","level":"INFO","thread":"EthScheduler-Workers-0","class":"PersistBlockTask","message":"Imported #41 / 0 tx / 0 om / 0 (0.0%) gas / (0xc336772daaf64bd0195c86b7f4130a0bc41f5f6998beeabfa14057c19b96ceb1) in 0.060s. Peers: 4","throwable":""}
{"timestamp":"2021-03-12T23:35:48,689","container":"39e8243f6403","level":"INFO","thread":"EthScheduler-Workers-2","class":"PersistBlockTask","message":"Imported #42 / 0 tx / 0 om / 0 (0.0%) gas / (0x51a827359e15259289a70fed18f9d4e84e9ed191e3ecfb7ca0963c423face6d8) in 0.088s. Peers: 4","throwable":""}
{"timestamp":"2021-03-12T23:35:50,891","container":"39e8243f6403","level":"INFO","thread":"EthScheduler-Workers-1","class":"PersistBlockTask","message":"Imported #43 / 0 tx / 0 om / 0 (0.0%) gas / (0xca4462565884c28fbca51763e995fd809cacc2a9d7d8f1340021a8c28ec5ab86) in 0.081s. Peers: 4","throwable":""}
{"timestamp":"2021-03-12T23:35:52,872","container":"39e8243f6403","level":"INFO","thread":"EthScheduler-Workers-3","class":"PersistBlockTask","message":"Imported #44 / 0 tx / 0 om / 0 (0.0%) gas / (0xb563685e5df0293d1e078e17b8099a9665e3cad49eddfd910284c07fd5208f35) in 0.163s. Peers: 4","throwable":""}
{"timestamp":"2021-03-12T23:36:03,452","container":"39e8243f6403","level":"INFO","thread":"EthScheduler-Workers-0","class":"PersistBlockTask","message":"Imported #45 / 0 tx / 0 om / 0 (0.0%) gas / (0x23b950274d1a912e6ab847f14ce015b15cbc731dcaf95098e1365ca916ec9fd9) in 0.029s. Peers: 4","throwable":""}
{"timestamp":"2021-03-12T23:36:05,230","container":"39e8243f6403","level":"INFO","thread":"EthScheduler-Workers-2","class":"PersistBlockTask","message":"Imported #46 / 0 tx / 0 om / 0 (0.0%) gas / (0x0a1ba045da5e615575c3c917852b8c1a68e95b092f5857d86de8a3865f4b2eec) in 0.172s. Peers: 4","throwable":""}
{"timestamp":"2021-03-12T23:36:06,509","container":"39e8243f6403","level":"INFO","thread":"EthScheduler-Workers-1","class":"PersistBlockTask","message":"Imported #47 / 0 tx / 0 om / 0 (0.0%) gas / (0xe7849486adb7b822d4f3e94803c89d9d5c41d5ddcfb00f9b777889091aaf25cc) in 0.112s. Peers: 4","throwable":""}
{"timestamp":"2021-03-12T23:36:08,520","container":"39e8243f6403","level":"INFO","thread":"EthScheduler-Workers-3","class":"PersistBlockTask","message":"Imported #48 / 0 tx / 0 om / 0 (0.0%) gas / (0x585cd1b1fb0e8bf77745b15465b91b8bc7452ee83f56c060e67121620422b63d) in 0.025s. Peers: 4","throwable":""}
{"timestamp":"2021-03-12T23:36:11,297","container":"39e8243f6403","level":"INFO","thread":"EthScheduler-Workers-0","class":"PersistBlockTask","message":"Imported #49 / 0 tx / 0 om / 0 (0.0%) gas / (0xd4042c6aac4b0ff6620ac7dc5b8c98c80126bac18068394a84a32776c964a99a) in 0.369s. Peers: 4","throwable":""}
{"timestamp":"2021-03-12T23:36:12,562","container":"39e8243f6403","level":"INFO","thread":"EthScheduler-Workers-2","class":"PersistBlockTask","message":"Imported #50 / 0 tx / 0 om / 0 (0.0%) gas / (0xfc9dfa7ffedb5938b3f9cfe18be639c3f54760e603529a7cb75c24241ffdd055) in 0.097s. Peers: 4","throwable":""}
{"timestamp":"2021-03-12T23:36:14,307","container":"39e8243f6403","level":"INFO","thread":"EthScheduler-Workers-1","class":"PersistBlockTask","message":"Imported #51 / 0 tx / 0 om / 0 (0.0%) gas / (0xdef3d605642d7f9cbabd1dc81da563b123055f5813d53afb724303ff3d60b192) in 0.048s. Peers: 4","throwable":""}
{"timestamp":"2021-03-12T23:36:16,812","container":"39e8243f6403","level":"INFO","thread":"EthScheduler-Workers-3","class":"PersistBlockTask","message":"Imported #52 / 0 tx / 0 om / 0 (0.0%) gas / (0xeec72cdb9a256abb2a6a54ec4034e64973736748476c4cb61acd0b582e98f435) in 0.168s. Peers: 4","throwable":""}
{"timestamp":"2021-03-12T23:36:18,628","container":"39e8243f6403","level":"INFO","thread":"EthScheduler-Workers-0","class":"PersistBlockTask","message":"Imported #53 / 0 tx / 0 om / 0 (0.0%) gas / (0xf73ade9d3ef8c475b03f75ee9c4f96bf4c124fdcf59bd8690c405b938b71579c) in 0.092s. Peers: 4","throwable":""}
{"timestamp":"2021-03-12T23:36:21,216","container":"39e8243f6403","level":"INFO","thread":"EthScheduler-Workers-2","class":"PersistBlockTask","message":"Imported #54 / 0 tx / 0 om / 0 (0.0%) gas / (0xf3c9115331a6bdb6497fc61ef2261378495d2bb71242a395d23b8abcfab7ef95) in 0.078s. Peers: 4","throwable":""}
{"timestamp":"2021-03-12T23:36:22,690","container":"39e8243f6403","level":"INFO","thread":"EthScheduler-Workers-1","class":"PersistBlockTask","message":"Imported #55 / 0 tx / 0 om / 0 (0.0%) gas / (0x0b0446c062a37fc572ce85c9eea34cd08a8354dc3eebbdd90cdc11a7455da2ae) in 0.070s. Peers: 4","throwable":""}
{"timestamp":"2021-03-12T23:36:33,404","container":"39e8243f6403","level":"INFO","thread":"EthScheduler-Workers-3","class":"PersistBlockTask","message":"Imported #56 / 0 tx / 0 om / 0 (0.0%) gas / (0xbfe9a308e7347371e05805421041aa790985d4c12423c380019450dd4dc55c2c) in 0.030s. Peers: 4","throwable":""}
{"timestamp":"2021-03-12T23:36:35,229","container":"39e8243f6403","level":"INFO","thread":"EthScheduler-Workers-0","class":"PersistBlockTask","message":"Imported #57 / 0 tx / 0 om / 0 (0.0%) gas / (0xbf6701c095f8ee59044418653fdd456aac903365a37562446fef1e654ff72989) in 0.358s. Peers: 4","throwable":""}
{"timestamp":"2021-03-12T23:36:36,400","container":"39e8243f6403","level":"INFO","thread":"EthScheduler-Workers-2","class":"PersistBlockTask","message":"Imported #58 / 0 tx / 0 om / 0 (0.0%) gas / (0x1f4ec396ba1195174c5f5d83656e78e812e0fa0d850c108866476d1bfd7d2812) in 0.057s. Peers: 4","throwable":""}
{"timestamp":"2021-03-12T23:36:38,623","container":"39e8243f6403","level":"INFO","thread":"EthScheduler-Workers-1","class":"PersistBlockTask","message":"Imported #59 / 0 tx / 0 om / 0 (0.0%) gas / (0x377c768ba3dcfd4827dabff6152b82e44f6e62e61d28e25d0488cc11a2ac5600) in 0.047s. Peers: 4","throwable":""}
{"timestamp":"2021-03-12T23:36:40,442","container":"39e8243f6403","level":"INFO","thread":"EthScheduler-Workers-3","class":"PersistBlockTask","message":"Imported #60 / 0 tx / 0 om / 0 (0.0%) gas / (0x276192d79c3398f8d62c0e83f58a16c50a1ee14e8360a3cc657ce22faa6e030e) in 0.026s. Peers: 4","throwable":""}
{"timestamp":"2021-03-12T23:36:42,415","container":"39e8243f6403","level":"INFO","thread":"EthScheduler-Workers-0","class":"PersistBlockTask","message":"Imported #61 / 0 tx / 0 om / 0 (0.0%) gas / (0x9dcae46c53340465922aa7f4a82e91379a4d2eaf2f5b55ef918a2ad917c6b06f) in 0.048s. Peers: 4","throwable":""}
{"timestamp":"2021-03-12T23:36:44,474","container":"39e8243f6403","level":"INFO","thread":"EthScheduler-Workers-2","class":"PersistBlockTask","message":"Imported #62 / 0 tx / 0 om / 0 (0.0%) gas / (0xbe5be512aa8c04b948ae75cc7d63fbb1fd4916aca13df89fa1e7d189a9264f32) in 0.072s. Peers: 4","throwable":""}
{"timestamp":"2021-03-12T23:36:46,427","container":"39e8243f6403","level":"INFO","thread":"EthScheduler-Workers-1","class":"PersistBlockTask","message":"Imported #63 / 0 tx / 0 om / 0 (0.0%) gas / (0x480dd4109ee44fd8eba6f47f288b8a6d626be66f9e03d5db6be00d63b61963b0) in 0.120s. Peers: 4","throwable":""}
{"timestamp":"2021-03-12T23:36:48,442","container":"39e8243f6403","level":"INFO","thread":"EthScheduler-Workers-3","class":"PersistBlockTask","message":"Imported #64 / 0 tx / 0 om / 0 (0.0%) gas / (0xdac180308966317eba0bd8fb2cef3edebd0eb8bfe63b9868a4599b233efd94ed) in 0.050s. Peers: 4","throwable":""}
{"timestamp":"2021-03-12T23:36:50,415","container":"39e8243f6403","level":"INFO","thread":"EthScheduler-Workers-0","class":"PersistBlockTask","message":"Imported #65 / 0 tx / 0 om / 0 (0.0%) gas / (0x2ea9b1f5076f08e84191a776bbf20e1f395a48035b2ab4a0743d998bb1987fcd) in 0.094s. Peers: 4","throwable":""}
{"timestamp":"2021-03-12T23:36:52,505","container":"39e8243f6403","level":"INFO","thread":"EthScheduler-Workers-2","class":"PersistBlockTask","message":"Imported #66 / 0 tx / 0 om / 0 (0.0%) gas / (0x4b0600b5f70476fe3a59428b0b0bbbc93256fc4548eb6b90c0b2aa08ba1bfd64) in 0.117s. Peers: 4","throwable":""}
{"timestamp":"2021-03-12T23:37:03,125","container":"39e8243f6403","level":"INFO","thread":"EthScheduler-Workers-1","class":"PersistBlockTask","message":"Imported #67 / 0 tx / 0 om / 0 (0.0%) gas / (0x5eaca8c6a6bd3463670a6bc9f3f21e3b2b8831eeb807be0e0adb53585e0e509d) in 0.054s. Peers: 4","throwable":""}
{"timestamp":"2021-03-12T23:37:05,450","container":"39e8243f6403","level":"INFO","thread":"EthScheduler-Workers-3","class":"PersistBlockTask","message":"Imported #68 / 0 tx / 0 om / 0 (0.0%) gas / (0xcb644d4ca139c2ce70c7ae6a127492781774384e091597077779805fad8c8871) in 0.017s. Peers: 4","throwable":""}
{"timestamp":"2021-03-12T23:37:06,414","container":"39e8243f6403","level":"INFO","thread":"EthScheduler-Workers-0","class":"PersistBlockTask","message":"Imported #69 / 0 tx / 0 om / 0 (0.0%) gas / (0xc932df92e6915436f181e5abc154b808a85898c4b9ca2b6aff119a7c5097b3e0) in 0.077s. Peers: 4","throwable":""}
{"timestamp":"2021-03-12T23:37:08,426","container":"39e8243f6403","level":"INFO","thread":"EthScheduler-Workers-2","class":"PersistBlockTask","message":"Imported #70 / 0 tx / 0 om / 0 (0.0%) gas / (0x6f83d524a5f41299e2071dea9ac1172e290b341bc8e0ce3fbd35cc3c71a28038) in 0.108s. Peers: 4","throwable":""}
{"timestamp":"2021-03-12T23:37:10,577","container":"39e8243f6403","level":"INFO","thread":"EthScheduler-Workers-1","class":"PersistBlockTask","message":"Imported #71 / 0 tx / 0 om / 0 (0.0%) gas / (0xc8f14504b3e84c7c68c9cff81908b7be158068cbfe062c256f28b182f66b1027) in 0.089s. Peers: 4","throwable":""}
{"timestamp":"2021-03-12T23:37:12,382","container":"39e8243f6403","level":"INFO","thread":"EthScheduler-Workers-3","class":"PersistBlockTask","message":"Imported #72 / 0 tx / 0 om / 0 (0.0%) gas / (0x814eb1769a439b00bc4b7d8aad78245258de5d18aff13c30f52e8fd39426fe22) in 0.019s. Peers: 4","throwable":""}
{"timestamp":"2021-03-12T23:37:14,376","container":"39e8243f6403","level":"INFO","thread":"EthScheduler-Workers-0","class":"PersistBlockTask","message":"Imported #73 / 0 tx / 0 om / 0 (0.0%) gas / (0x42d65a6764d176ef579be3bb321e8460fb5e2e8a9392d93b089aa6f84d939b59) in 0.069s. Peers: 4","throwable":""}
{"timestamp":"2021-03-12T23:37:16,895","container":"39e8243f6403","level":"INFO","thread":"EthScheduler-Workers-2","class":"PersistBlockTask","message":"Imported #74 / 0 tx / 0 om / 0 (0.0%) gas / (0x7ea784ba6394bcb5c8b7e408c994d640d993a9c433ff95f6e61cc3174c89640e) in 0.274s. Peers: 4","throwable":""}
{"timestamp":"2021-03-12T23:37:18,364","container":"39e8243f6403","level":"INFO","thread":"EthScheduler-Workers-1","class":"PersistBlockTask","message":"Imported #75 / 0 tx / 0 om / 0 (0.0%) gas / (0xa2296a0129650a905496870a8c82f2ae73ef0fcc2e6bb726adf09de577d70dc1) in 0.015s. Peers: 4","throwable":""}
{"timestamp":"2021-03-12T23:37:20,303","container":"39e8243f6403","level":"INFO","thread":"EthScheduler-Workers-3","class":"PersistBlockTask","message":"Imported #76 / 0 tx / 0 om / 0 (0.0%) gas / (0x0063de50798756ceb1cb99d2b9a0b72d81dc50dfb054f4b5dea04bdcf6e2e231) in 0.020s. Peers: 4","throwable":""}
{"timestamp":"2021-03-12T23:37:22,401","container":"39e8243f6403","level":"INFO","thread":"EthScheduler-Workers-0","class":"PersistBlockTask","message":"Imported #77 / 0 tx / 0 om / 0 (0.0%) gas / (0x32ae5ccb5805f69a7ac13a8eb730e95f82400a796fdca6b0a6eedb2eae44f4dd) in 0.093s. Peers: 4","throwable":""}
{"timestamp":"2021-03-12T23:37:32,871","container":"39e8243f6403","level":"INFO","thread":"EthScheduler-Workers-2","class":"PersistBlockTask","message":"Imported #78 / 0 tx / 0 om / 0 (0.0%) gas / (0x203735ab102fa0372b031c546c9b141e6d027f350cb0108a59d4d8d746e73e7d) in 0.040s. Peers: 4","throwable":""}
{"timestamp":"2021-03-12T23:37:34,950","container":"39e8243f6403","level":"INFO","thread":"EthScheduler-Workers-1","class":"PersistBlockTask","message":"Imported #79 / 0 tx / 0 om / 0 (0.0%) gas / (0x7e30a63c8ff48320002f4308228aef72de9d581d2b413067025d9aa5a4d8c159) in 0.151s. Peers: 4","throwable":""}
{"timestamp":"2021-03-12T23:37:36,429","container":"39e8243f6403","level":"INFO","thread":"EthScheduler-Workers-3","class":"PersistBlockTask","message":"Imported #80 / 0 tx / 0 om / 0 (0.0%) gas / (0xdbdf1d991bdf7f938df5f62254458712d621f9ad430b2b1e194683354835e606) in 0.040s. Peers: 4","throwable":""}
{"timestamp":"2021-03-12T23:37:38,325","container":"39e8243f6403","level":"INFO","thread":"EthScheduler-Workers-0","class":"PersistBlockTask","message":"Imported #81 / 0 tx / 0 om / 0 (0.0%) gas / (0xd89201bae0599d48fd24b29b0aa7901f89a03df0dfdb489acd8044920a8eb51f) in 0.011s. Peers: 4","throwable":""}
{"timestamp":"2021-03-12T23:37:40,703","container":"39e8243f6403","level":"INFO","thread":"EthScheduler-Workers-2","class":"PersistBlockTask","message":"Imported #82 / 0 tx / 0 om / 0 (0.0%) gas / (0xeee19c88e731a162085854781e1948b8f280f9dc06da5f1317a48106befcd003) in 0.119s. Peers: 4","throwable":""}
{"timestamp":"2021-03-12T23:37:42,273","container":"39e8243f6403","level":"INFO","thread":"EthScheduler-Workers-0","class":"PersistBlockTask","message":"Imported #83 / 0 tx / 0 om / 0 (0.0%) gas / (0x7f1916b07e7f1e1707e5d9ae91f0e05ebe44e98d2315d44dd01d1fcf3f211038) in 0.026s. Peers: 4","throwable":""}
{"timestamp":"2021-03-12T23:37:44,412","container":"39e8243f6403","level":"INFO","thread":"EthScheduler-Workers-3","class":"PersistBlockTask","message":"Imported #84 / 0 tx / 0 om / 0 (0.0%) gas / (0x29fae3ee7f7d5db9b3b9397cc097c19b49da972eddb7504beb80c16f50f6175a) in 0.056s. Peers: 4","throwable":""}
{"timestamp":"2021-03-12T23:37:46,473","container":"39e8243f6403","level":"INFO","thread":"EthScheduler-Workers-1","class":"PersistBlockTask","message":"Imported #85 / 0 tx / 0 om / 0 (0.0%) gas / (0x82d7eb1b1bbcef956c533184ca0e63345daab114710567397761a527ec5dc8f3) in 0.052s. Peers: 4","throwable":""}
{"timestamp":"2021-03-12T23:37:48,417","container":"39e8243f6403","level":"INFO","thread":"EthScheduler-Workers-2","class":"PersistBlockTask","message":"Imported #86 / 0 tx / 0 om / 0 (0.0%) gas / (0xed4d4d677a5fe0c0c6a24aab03311bc9a051f9406a268a2020f024395bff4a74) in 0.055s. Peers: 4","throwable":""}
{"timestamp":"2021-03-12T23:37:50,398","container":"39e8243f6403","level":"INFO","thread":"EthScheduler-Workers-0","class":"PersistBlockTask","message":"Imported #87 / 0 tx / 0 om / 0 (0.0%) gas / (0x1331a8a0ae6a3ec94410d14aebfe17b7f8259b3af3282ccb7a914ed9efe8a352) in 0.059s. Peers: 4","throwable":""}
{"timestamp":"2021-03-12T23:37:52,484","container":"39e8243f6403","level":"INFO","thread":"EthScheduler-Workers-3","class":"PersistBlockTask","message":"Imported #88 / 0 tx / 0 om / 0 (0.0%) gas / (0x6c6bcc7f0006a5e868bd006db1e385413d2ab9787713427e6df22b63258185b7) in 0.088s. Peers: 4","throwable":""}
{"timestamp":"2021-03-12T23:38:02,950","container":"39e8243f6403","level":"INFO","thread":"EthScheduler-Workers-1","class":"PersistBlockTask","message":"Imported #89 / 0 tx / 0 om / 0 (0.0%) gas / (0x8d4d0e5268211ef3c9700c261db261dc08e11b601bd0bb2c302388c1f8f2461c) in 0.027s. Peers: 4","throwable":""}
{"timestamp":"2021-03-12T23:38:04,666","container":"39e8243f6403","level":"INFO","thread":"EthScheduler-Workers-2","class":"PersistBlockTask","message":"Imported #90 / 0 tx / 0 om / 0 (0.0%) gas / (0x0a5b1beb0f5a9a00c72f9d21e48a338c37f6808d0923a1b6eaf76cb9da0851b0) in 0.140s. Peers: 4","throwable":""}
{"timestamp":"2021-03-12T23:38:06,421","container":"39e8243f6403","level":"INFO","thread":"EthScheduler-Workers-0","class":"PersistBlockTask","message":"Imported #91 / 0 tx / 0 om / 0 (0.0%) gas / (0x6959c35d7bff7e584c77cc0d872a95924140a903c193b18198aa37b17a52fce8) in 0.076s. Peers: 4","throwable":""}
{"timestamp":"2021-03-12T23:38:08,377","container":"39e8243f6403","level":"INFO","thread":"EthScheduler-Workers-3","class":"PersistBlockTask","message":"Imported #92 / 0 tx / 0 om / 0 (0.0%) gas / (0x04e0b556d0f796ff14faa26761134d0235428c5ae1c047f3d8771dbc846c2a23) in 0.081s. Peers: 4","throwable":""}
{"timestamp":"2021-03-12T23:38:10,593","container":"39e8243f6403","level":"INFO","thread":"EthScheduler-Workers-1","class":"PersistBlockTask","message":"Imported #93 / 0 tx / 0 om / 0 (0.0%) gas / (0xfe0068dccf2bad2dd46276b2e801cf6a0b034b6e7ff39c87828ef690b41b7198) in 0.080s. Peers: 4","throwable":""}
{"timestamp":"2021-03-12T23:38:12,446","container":"39e8243f6403","level":"INFO","thread":"EthScheduler-Workers-2","class":"PersistBlockTask","message":"Imported #94 / 0 tx / 0 om / 0 (0.0%) gas / (0xab4b21c7ac955e2f196c9d8fb61bfbaf7956d7249d72e3b3e88956d1d852509d) in 0.077s. Peers: 4","throwable":""}
{"timestamp":"2021-03-12T23:38:14,409","container":"39e8243f6403","level":"INFO","thread":"EthScheduler-Workers-0","class":"PersistBlockTask","message":"Imported #95 / 0 tx / 0 om / 0 (0.0%) gas / (0x363bcd12422cae1b32d02f94810fb9b6bc3ced29bb9dd5ffadc7fec90e72a37f) in 0.069s. Peers: 4","throwable":""}
{"timestamp":"2021-03-12T23:38:16,311","container":"39e8243f6403","level":"INFO","thread":"EthScheduler-Workers-3","class":"PersistBlockTask","message":"Imported #96 / 0 tx / 0 om / 0 (0.0%) gas / (0x1d4beee5c6d0998339a559573797de029275ec152b7e6726ff2c8711ce1e0e64) in 0.028s. Peers: 4","throwable":""}
{"timestamp":"2021-03-12T23:38:18,360","container":"39e8243f6403","level":"INFO","thread":"EthScheduler-Workers-1","class":"PersistBlockTask","message":"Imported #97 / 0 tx / 0 om / 0 (0.0%) gas / (0xd77d2b30939a38e3068334fe210e1d03ea27a89f05ad813b52e8633d537bda2d) in 0.028s. Peers: 4","throwable":""}
{"timestamp":"2021-03-12T23:38:20,602","container":"39e8243f6403","level":"INFO","thread":"EthScheduler-Workers-2","class":"PersistBlockTask","message":"Imported #98 / 0 tx / 0 om / 0 (0.0%) gas / (0xc81d8d1e61b392d229da7e2f98911ef5a84c54c48dbb102baa8727d8d7823484) in 0.057s. Peers: 4","throwable":""}
{"timestamp":"2021-03-12T23:38:22,389","container":"39e8243f6403","level":"INFO","thread":"EthScheduler-Workers-0","class":"PersistBlockTask","message":"Imported #99 / 0 tx / 0 om / 0 (0.0%) gas / (0xd35bed9f0ba57660fb3dc01237e229541cff6b21e479c72f7f9820712d767391) in 0.066s. Peers: 4","throwable":""}
{"timestamp":"2021-03-12T23:38:32,894","container":"39e8243f6403","level":"INFO","thread":"EthScheduler-Workers-3","class":"PersistBlockTask","message":"Imported #100 / 0 tx / 0 om / 0 (0.0%) gas / (0xd80044ff8eeb10d6ef8bc92f853402470ff21bd0341eea1dc0bf7341043383b2) in 0.088s. Peers: 4","throwable":""}
{"timestamp":"2021-03-12T23:38:34,466","container":"39e8243f6403","level":"INFO","thread":"EthScheduler-Workers-1","class":"PersistBlockTask","message":"Imported #101 / 0 tx / 0 om / 0 (0.0%) gas / (0x873cafafa6942949038120dca69114f2863a3272e818110f27a4ac35354bda6a) in 0.088s. Peers: 4","throwable":""}
{"timestamp":"2021-03-12T23:38:36,540","container":"39e8243f6403","level":"INFO","thread":"EthScheduler-Workers-2","class":"PersistBlockTask","message":"Imported #102 / 0 tx / 0 om / 0 (0.0%) gas / (0xb8070ac925e3df6fe29d068502112884a07080a156095ea9bcd78d9a26cee4f7) in 0.070s. Peers: 4","throwable":""}
{"timestamp":"2021-03-12T23:38:38,312","container":"39e8243f6403","level":"INFO","thread":"EthScheduler-Workers-0","class":"PersistBlockTask","message":"Imported #103 / 0 tx / 0 om / 0 (0.0%) gas / (0x8d8f69045949af714df8ef2974a3b984e23b11edf39c5187f682190cd11d0270) in 0.034s. Peers: 4","throwable":""}
{"timestamp":"2021-03-12T23:38:40,656","container":"39e8243f6403","level":"INFO","thread":"EthScheduler-Workers-3","class":"PersistBlockTask","message":"Imported #104 / 0 tx / 0 om / 0 (0.0%) gas / (0x9ef0aa66753c3cff7e9ed8075bd09af3d4059965e14eb0a119277944c45f59fe) in 0.048s. Peers: 4","throwable":""}
{"timestamp":"2021-03-12T23:38:42,632","container":"39e8243f6403","level":"INFO","thread":"EthScheduler-Workers-1","class":"PersistBlockTask","message":"Imported #105 / 0 tx / 0 om / 0 (0.0%) gas / (0x0f0f9f345cba76c04900300b15acea07fceb0271f4e27dc61fa72aebd46810fe) in 0.067s. Peers: 4","throwable":""}
{"timestamp":"2021-03-12T23:38:44,393","container":"39e8243f6403","level":"INFO","thread":"EthScheduler-Workers-2","class":"PersistBlockTask","message":"Imported #106 / 0 tx / 0 om / 0 (0.0%) gas / (0xf3aafe6c1d772ce4aafddb02e482f30f228c3c2156f8eed59785810b8161d9f0) in 0.061s. Peers: 4","throwable":""}
{"timestamp":"2021-03-12T23:38:46,383","container":"39e8243f6403","level":"INFO","thread":"EthScheduler-Workers-0","class":"PersistBlockTask","message":"Imported #107 / 0 tx / 0 om / 0 (0.0%) gas / (0xdbf31a80e070bcd414121bbc064dc21e50c1cf790f803a3b3d3b328471cb250f) in 0.045s. Peers: 4","throwable":""}
{"timestamp":"2021-03-12T23:38:48,555","container":"39e8243f6403","level":"INFO","thread":"EthScheduler-Workers-3","class":"PersistBlockTask","message":"Imported #108 / 0 tx / 0 om / 0 (0.0%) gas / (0x438b49eefb59372e1e569e210cba4586302a8f39cbd1ca2b6f36b52e18bed96f) in 0.025s. Peers: 4","throwable":""}
{"timestamp":"2021-03-12T23:38:50,355","container":"39e8243f6403","level":"INFO","thread":"EthScheduler-Workers-1","class":"PersistBlockTask","message":"Imported #109 / 0 tx / 0 om / 0 (0.0%) gas / (0x748b070e507c26e1662b9261d3bd24167765cd1a270f3ab05e1941ac57308094) in 0.036s. Peers: 4","throwable":""}
{"timestamp":"2021-03-12T23:38:52,299","container":"39e8243f6403","level":"INFO","thread":"EthScheduler-Workers-2","class":"PersistBlockTask","message":"Imported #110 / 0 tx / 0 om / 0 (0.0%) gas / (0xc358aa143dc5d55ee296aee2edd3ba399abf7b8741c9cf6be6228b000f52e7c2) in 0.056s. Peers: 4","throwable":""}
{"timestamp":"2021-03-12T23:39:02,957","container":"39e8243f6403","level":"INFO","thread":"EthScheduler-Workers-0","class":"PersistBlockTask","message":"Imported #111 / 0 tx / 0 om / 0 (0.0%) gas / (0x9cab36c9a3c8191bec477ce5a3f1f997eeeed710871f96dcce9da086cbca42d2) in 0.112s. Peers: 4","throwable":""}
{"timestamp":"2021-03-12T23:39:04,755","container":"39e8243f6403","level":"INFO","thread":"EthScheduler-Workers-3","class":"PersistBlockTask","message":"Imported #112 / 0 tx / 0 om / 0 (0.0%) gas / (0xe8128297367e39a12e9a21c9dcc6a52a9190bd55b4f8ac24865562d418e8b7cd) in 0.095s. Peers: 4","throwable":""}
{"timestamp":"2021-03-12T23:39:06,507","container":"39e8243f6403","level":"INFO","thread":"EthScheduler-Workers-1","class":"PersistBlockTask","message":"Imported #113 / 0 tx / 0 om / 0 (0.0%) gas / (0x2ed8e3ad512cf0dde1445927c8c991945916aadd46c9ac6b5dd90140bf5a2e7f) in 0.027s. Peers: 4","throwable":""}
{"timestamp":"2021-03-12T23:39:08,823","container":"39e8243f6403","level":"INFO","thread":"EthScheduler-Workers-2","class":"PersistBlockTask","message":"Imported #114 / 0 tx / 0 om / 0 (0.0%) gas / (0xf89eeff880753d864bbc28a81bea42a41ac3d289db0c23f7e6e6e718e0a1de28) in 0.077s. Peers: 4","throwable":""}
{"timestamp":"2021-03-12T23:39:10,383","container":"39e8243f6403","level":"INFO","thread":"EthScheduler-Workers-0","class":"PersistBlockTask","message":"Imported #115 / 0 tx / 0 om / 0 (0.0%) gas / (0xea4722b055895d031c0e66b242b530a3717b14d2a4ef78e3c8bf56c4741ed6f8) in 0.059s. Peers: 4","throwable":""}
{"timestamp":"2021-03-12T23:39:12,414","container":"39e8243f6403","level":"INFO","thread":"EthScheduler-Workers-3","class":"PersistBlockTask","message":"Imported #116 / 0 tx / 0 om / 0 (0.0%) gas / (0x9ad2cc083bb751bfdc33c49559aab057f40aa0980c122bf2ad8dc759f66f36b5) in 0.071s. Peers: 4","throwable":""}
{"timestamp":"2021-03-12T23:39:14,606","container":"39e8243f6403","level":"INFO","thread":"EthScheduler-Workers-1","class":"PersistBlockTask","message":"Imported #117 / 0 tx / 0 om / 0 (0.0%) gas / (0xc1c8116544eb67de7f0b1c266b3b22b08399c5b806bbd4a9a8cd93fa0d3f915c) in 0.060s. Peers: 4","throwable":""}
{"timestamp":"2021-03-12T23:39:16,323","container":"39e8243f6403","level":"INFO","thread":"EthScheduler-Workers-2","class":"PersistBlockTask","message":"Imported #118 / 0 tx / 0 om / 0 (0.0%) gas / (0x0d851dbd3d7643554ce4b2548c1b030186e6954511856f260c7228d6d80954cb) in 0.048s. Peers: 4","throwable":""}
{"timestamp":"2021-03-12T23:39:18,382","container":"39e8243f6403","level":"INFO","thread":"EthScheduler-Workers-0","class":"PersistBlockTask","message":"Imported #119 / 0 tx / 0 om / 0 (0.0%) gas / (0x167894a9eebd6d38f4b56ccc5a75a10ca004e7870d6af24f67ff800438ab8cdd) in 0.030s. Peers: 4","throwable":""}
{"timestamp":"2021-03-12T23:39:20,888","container":"39e8243f6403","level":"INFO","thread":"EthScheduler-Workers-3","class":"PersistBlockTask","message":"Imported #120 / 0 tx / 0 om / 0 (0.0%) gas / (0x183ec4b1791bc6a93970704a72c370e6ca4ebb79f9ba40529ad22c33a8051842) in 0.031s. Peers: 4","throwable":""}
{"timestamp":"2021-03-12T23:39:22,396","container":"39e8243f6403","level":"INFO","thread":"EthScheduler-Workers-1","class":"PersistBlockTask","message":"Imported #121 / 0 tx / 0 om / 0 (0.0%) gas / (0x89e2ff736cf0a982c70555bee84b27c5a346d8112d45d555a5ecd94337cae920) in 0.075s. Peers: 4","throwable":""}
{"timestamp":"2021-03-12T23:39:33,704","container":"39e8243f6403","level":"INFO","thread":"EthScheduler-Workers-2","class":"PersistBlockTask","message":"Imported #122 / 0 tx / 0 om / 0 (0.0%) gas / (0xa817c9cad7286dd6dad678db6cd0e10b4c57320df65fa639a84eda4cee0bc4eb) in 0.052s. Peers: 4","throwable":""}
{"timestamp":"2021-03-12T23:39:34,660","container":"39e8243f6403","level":"INFO","thread":"EthScheduler-Workers-0","class":"PersistBlockTask","message":"Imported #123 / 0 tx / 0 om / 0 (0.0%) gas / (0x693dd3174c9710fe6e24fb426ff97b3a5c3d23a3b5761ff8aff83732fb040743) in 0.014s. Peers: 4","throwable":""}
{"timestamp":"2021-03-12T23:39:36,443","container":"39e8243f6403","level":"INFO","thread":"EthScheduler-Workers-3","class":"PersistBlockTask","message":"Imported #124 / 0 tx / 0 om / 0 (0.0%) gas / (0x1a3841a604ec611e02cddc28a3dda193edd406b2dc7695379d0036e5b57ef16a) in 0.085s. Peers: 4","throwable":""}
{"timestamp":"2021-03-12T23:39:39,588","container":"39e8243f6403","level":"INFO","thread":"EthScheduler-Workers-1","class":"PersistBlockTask","message":"Imported #125 / 0 tx / 0 om / 0 (0.0%) gas / (0x0f80b6e0e1946d316e4c3cc2a8aefd4b604a0aec7c15b7f9d73bdfc260e3f9bf) in 0.268s. Peers: 4","throwable":""}
{"timestamp":"2021-03-12T23:39:40,656","container":"39e8243f6403","level":"INFO","thread":"EthScheduler-Workers-2","class":"PersistBlockTask","message":"Imported #126 / 0 tx / 0 om / 0 (0.0%) gas / (0x471505daccda0f2a787f855e101ee0ca989cac30b05c5531bcd3a4ceaaa4e0ab) in 0.050s. Peers: 4","throwable":""}
{"timestamp":"2021-03-12T23:39:42,367","container":"39e8243f6403","level":"INFO","thread":"EthScheduler-Workers-0","class":"PersistBlockTask","message":"Imported #127 / 0 tx / 0 om / 0 (0.0%) gas / (0x36e54d938710106f186f80ad14184677fdd185ab55cc9959174df84b9db37b9c) in 0.062s. Peers: 4","throwable":""}
{"timestamp":"2021-03-12T23:39:44,608","container":"39e8243f6403","level":"INFO","thread":"EthScheduler-Workers-3","class":"PersistBlockTask","message":"Imported #128 / 0 tx / 0 om / 0 (0.0%) gas / (0x82ae9c3ee3d2b051db5ee0f33b1355ff65998eb0ea3cda1dc29de208a316466c) in 0.102s. Peers: 4","throwable":""}
{"timestamp":"2021-03-12T23:39:46,879","container":"39e8243f6403","level":"INFO","thread":"EthScheduler-Workers-1","class":"PersistBlockTask","message":"Imported #129 / 0 tx / 0 om / 0 (0.0%) gas / (0xe5fa26ac87b9fa8426313204de2ebfc4db6540fc3db42a1c3cc5945112571e81) in 0.028s. Peers: 4","throwable":""}
{"timestamp":"2021-03-12T23:39:48,515","container":"39e8243f6403","level":"INFO","thread":"EthScheduler-Workers-2","class":"PersistBlockTask","message":"Imported #130 / 0 tx / 0 om / 0 (0.0%) gas / (0xaea9ee96cf162050d1c9585676d409cdcd12d96bd5541953c00532a3d6916f3a) in 0.108s. Peers: 4","throwable":""}
{"timestamp":"2021-03-12T23:39:50,444","container":"39e8243f6403","level":"INFO","thread":"EthScheduler-Workers-0","class":"PersistBlockTask","message":"Imported #131 / 0 tx / 0 om / 0 (0.0%) gas / (0x344294eef59197d13648fe4e1ffca5ccd314fafbfbb16b9b2b7c716e4fded36d) in 0.071s. Peers: 4","throwable":""}
{"timestamp":"2021-03-12T23:39:53,126","container":"39e8243f6403","level":"INFO","thread":"EthScheduler-Workers-3","class":"PersistBlockTask","message":"Imported #132 / 0 tx / 0 om / 0 (0.0%) gas / (0x4c54ce6ab5e2a7647a97b07f692dc371760aafdfd3050f8d285f115956abda50) in 0.033s. Peers: 4","throwable":""}
{"timestamp":"2021-03-12T23:39:54,368","container":"39e8243f6403","level":"INFO","thread":"EthScheduler-Workers-1","class":"PersistBlockTask","message":"Imported #133 / 0 tx / 0 om / 0 (0.0%) gas / (0x188cef2dda79b5babe3c898661c597d31bdbfc67cb49f2b385e0ed049cbc0dc9) in 0.078s. Peers: 4","throwable":""}
{"timestamp":"2021-03-12T23:39:56,392","container":"39e8243f6403","level":"INFO","thread":"EthScheduler-Workers-2","class":"PersistBlockTask","message":"Imported #134 / 0 tx / 0 om / 0 (0.0%) gas / (0xe88517fbc34ae2a6329f68020cb33085cacb35cdfeb85261fc2056050db8f076) in 0.092s. Peers: 4","throwable":""}
{"timestamp":"2021-03-12T23:39:58,761","container":"39e8243f6403","level":"INFO","thread":"EthScheduler-Workers-0","class":"PersistBlockTask","message":"Imported #135 / 0 tx / 0 om / 0 (0.0%) gas / (0xb4479cceb558d447aaa52fd79c54a578f002946a0b52da88c270d874d5d9d9b8) in 0.167s. Peers: 4","throwable":""}
{"timestamp":"2021-03-12T23:40:00,429","container":"39e8243f6403","level":"INFO","thread":"EthScheduler-Workers-3","class":"PersistBlockTask","message":"Imported #136 / 0 tx / 0 om / 0 (0.0%) gas / (0x1eb4c337f311dcd1b5c8eefa2a3d693293840aa3fbacff3e3d415e5dd7e37c51) in 0.072s. Peers: 4","throwable":""}
{"timestamp":"2021-03-12T23:40:02,519","container":"39e8243f6403","level":"INFO","thread":"EthScheduler-Workers-1","class":"PersistBlockTask","message":"Imported #137 / 0 tx / 0 om / 0 (0.0%) gas / (0xc03d8929aa875cea3168b56502cdd9ab0ff3c38ba2a792605dcef9c801513949) in 0.102s. Peers: 4","throwable":""}
{"timestamp":"2021-03-12T23:40:05,523","container":"39e8243f6403","level":"INFO","thread":"EthScheduler-Workers-2","class":"PersistBlockTask","message":"Imported #138 / 0 tx / 0 om / 0 (0.0%) gas / (0x3b3d0263b44a9aa80d7e7b9a007bb3b25eabe80d63e1cf7a3af9f075a1d79844) in 0.054s. Peers: 4","throwable":""}
{"timestamp":"2021-03-12T23:40:06,535","container":"39e8243f6403","level":"INFO","thread":"EthScheduler-Workers-0","class":"PersistBlockTask","message":"Imported #139 / 0 tx / 0 om / 0 (0.0%) gas / (0x35b8fe8e65ad818c2cd5411645c12608d3ff2af36b48aa3ca36b956f5d5f2332) in 0.044s. Peers: 4","throwable":""}
{"timestamp":"2021-03-12T23:40:08,254","container":"39e8243f6403","level":"INFO","thread":"EthScheduler-Workers-3","class":"PersistBlockTask","message":"Imported #140 / 0 tx / 0 om / 0 (0.0%) gas / (0x4033be3e12bd41994a4ab123ef4df72404b15f21721bb5cd434f1dda7e0d3fd2) in 0.045s. Peers: 4","throwable":""}
{"timestamp":"2021-03-12T23:40:11,392","container":"39e8243f6403","level":"INFO","thread":"EthScheduler-Workers-1","class":"PersistBlockTask","message":"Imported #141 / 0 tx / 0 om / 0 (0.0%) gas / (0x67cf349ce6e10134f546449d865ad97da45de9dcc5d77e1c6f5e2b606de46aa7) in 0.133s. Peers: 4","throwable":""}
{"timestamp":"2021-03-12T23:40:12,501","container":"39e8243f6403","level":"INFO","thread":"EthScheduler-Workers-2","class":"PersistBlockTask","message":"Imported #142 / 0 tx / 0 om / 0 (0.0%) gas / (0x74f4b1fc51d73c9a6b74b3863fdf25f7ba7deb76509ed54408da2e1ad4fcd0f0) in 0.082s. Peers: 4","throwable":""}
{"timestamp":"2021-03-12T23:40:14,961","container":"39e8243f6403","level":"INFO","thread":"EthScheduler-Workers-0","class":"PersistBlockTask","message":"Imported #143 / 0 tx / 0 om / 0 (0.0%) gas / (0x66a910f365bd7d82ab0548c55a4bcdbad5df467614dfe59e4feebbae2bf648ca) in 0.072s. Peers: 4","throwable":""}
{"timestamp":"2021-03-12T23:40:16,426","container":"39e8243f6403","level":"INFO","thread":"EthScheduler-Workers-3","class":"PersistBlockTask","message":"Imported #144 / 0 tx / 0 om / 0 (0.0%) gas / (0x5f1c88b8369c35acc139958b5989c274760c28238d40379076450642693fc772) in 0.110s. Peers: 4","throwable":""}
{"timestamp":"2021-03-12T23:40:18,284","container":"39e8243f6403","level":"INFO","thread":"EthScheduler-Workers-1","class":"PersistBlockTask","message":"Imported #145 / 0 tx / 0 om / 0 (0.0%) gas / (0xd2ca8e9efdb404937d2c3a0879f6f7427b391a49f5d2536fd64977890c62bc4f) in 0.027s. Peers: 4","throwable":""}
{"timestamp":"2021-03-12T23:40:20,280","container":"39e8243f6403","level":"INFO","thread":"EthScheduler-Workers-2","class":"PersistBlockTask","message":"Imported #146 / 0 tx / 0 om / 0 (0.0%) gas / (0xb74766d251b67790c3409c665c609b259e712aa81e9f597c33ed479cee392d27) in 0.041s. Peers: 4","throwable":""}
{"timestamp":"2021-03-12T23:40:22,292","container":"39e8243f6403","level":"INFO","thread":"EthScheduler-Workers-0","class":"PersistBlockTask","message":"Imported #147 / 0 tx / 0 om / 0 (0.0%) gas / (0x01605440433271422ebf5032c058c8b9e6d7ed896a2a357f356bb9a1552f0381) in 0.033s. Peers: 4","throwable":""}
{"timestamp":"2021-03-12T23:40:32,756","container":"39e8243f6403","level":"INFO","thread":"EthScheduler-Workers-3","class":"PersistBlockTask","message":"Imported #148 / 0 tx / 0 om / 0 (0.0%) gas / (0x87192226904deda094da5947620945d01c6d232644f820f62925eadece87c8c5) in 0.070s. Peers: 4","throwable":""}
{"timestamp":"2021-03-12T23:40:34,509","container":"39e8243f6403","level":"INFO","thread":"EthScheduler-Workers-1","class":"PersistBlockTask","message":"Imported #149 / 0 tx / 0 om / 0 (0.0%) gas / (0xdd9d73c28832b40dce15807ce7303007406b26d5d1a1454a58cbbcfd1dfb0ef9) in 0.126s. Peers: 4","throwable":""}
{"timestamp":"2021-03-12T23:40:37,164","container":"39e8243f6403","level":"INFO","thread":"EthScheduler-Workers-2","class":"PersistBlockTask","message":"Imported #150 / 0 tx / 0 om / 0 (0.0%) gas / (0x704c3d080fb0919170955370d5bdc5c4b8cc2e2523759254b4cf982071678b9d) in 0.120s. Peers: 4","throwable":""}
{"timestamp":"2021-03-12T23:40:38,422","container":"39e8243f6403","level":"INFO","thread":"EthScheduler-Workers-0","class":"PersistBlockTask","message":"Imported #151 / 0 tx / 0 om / 0 (0.0%) gas / (0xa8d17873c732c2244512732b64e3722bf741e851d1092d332a83897603f6dc54) in 0.026s. Peers: 4","throwable":""}
{"timestamp":"2021-03-12T23:40:40,463","container":"39e8243f6403","level":"INFO","thread":"EthScheduler-Workers-3","class":"PersistBlockTask","message":"Imported #152 / 0 tx / 0 om / 0 (0.0%) gas / (0x8a353034b5b64206a537834d16f886bf714ec4b47785e9c6c904b21f0e20fd42) in 0.045s. Peers: 4","throwable":""}
{"timestamp":"2021-03-12T23:40:43,065","container":"39e8243f6403","level":"INFO","thread":"EthScheduler-Workers-1","class":"PersistBlockTask","message":"Imported #153 / 0 tx / 0 om / 0 (0.0%) gas / (0xcd023f017bc02a1935fb9f5109e5bc8ef7c22e570c3bb45d7f5dd9bd2957ec14) in 0.064s. Peers: 4","throwable":""}
{"timestamp":"2021-03-12T23:40:44,409","container":"39e8243f6403","level":"INFO","thread":"EthScheduler-Workers-2","class":"PersistBlockTask","message":"Imported #154 / 0 tx / 0 om / 0 (0.0%) gas / (0xff7384863b73c57d4ced9efd99d988da37fabef1615d10af2c6e64f34f55f7c4) in 0.076s. Peers: 4","throwable":""}
{"timestamp":"2021-03-12T23:40:46,338","container":"39e8243f6403","level":"INFO","thread":"EthScheduler-Workers-0","class":"PersistBlockTask","message":"Imported #155 / 0 tx / 0 om / 0 (0.0%) gas / (0x110a796aa0a005f4221a7a597f2147817f33b27efde3783db63e5682ba2b92ec) in 0.048s. Peers: 4","throwable":""}
{"timestamp":"2021-03-12T23:40:48,798","container":"39e8243f6403","level":"INFO","thread":"EthScheduler-Workers-3","class":"PersistBlockTask","message":"Imported #156 / 0 tx / 0 om / 0 (0.0%) gas / (0xf986de33a4bf57d8d1fdcaaffe385aa31927931afeaeb63a567f84ff797fba6e) in 0.097s. Peers: 4","throwable":""}
{"timestamp":"2021-03-12T23:40:50,368","container":"39e8243f6403","level":"INFO","thread":"EthScheduler-Workers-1","class":"PersistBlockTask","message":"Imported #157 / 0 tx / 0 om / 0 (0.0%) gas / (0x869d834e20dd52f7047c25101951f856552101d54592769b175fa00716fa753a) in 0.098s. Peers: 4","throwable":""}
{"timestamp":"2021-03-12T23:40:52,387","container":"39e8243f6403","level":"INFO","thread":"EthScheduler-Workers-2","class":"PersistBlockTask","message":"Imported #158 / 0 tx / 0 om / 0 (0.0%) gas / (0x50c9563e9207b29e4f04b83b9faa8a329e323a64568dca619193022f836e5c14) in 0.081s. Peers: 4","throwable":""}
{"timestamp":"2021-03-12T23:41:02,685","container":"39e8243f6403","level":"INFO","thread":"EthScheduler-Workers-0","class":"PersistBlockTask","message":"Imported #159 / 0 tx / 0 om / 0 (0.0%) gas / (0xd6dcf67ad23fef4474f8272c275392975611ab5a201967216de9b265d4608353) in 0.039s. Peers: 4","throwable":""}
{"timestamp":"2021-03-12T23:41:04,378","container":"39e8243f6403","level":"INFO","thread":"EthScheduler-Workers-3","class":"PersistBlockTask","message":"Imported #160 / 0 tx / 0 om / 0 (0.0%) gas / (0x647c2b26de4326323e806342e2836208963ba4cb7793956d23c5207c7c539bb8) in 0.086s. Peers: 4","throwable":""}
{"timestamp":"2021-03-12T23:41:06,372","container":"39e8243f6403","level":"INFO","thread":"EthScheduler-Workers-1","class":"PersistBlockTask","message":"Imported #161 / 0 tx / 0 om / 0 (0.0%) gas / (0x41acac1464927880d6e1c70cb50be9a0760eda983e55369b5ee1bb52432f36aa) in 0.052s. Peers: 4","throwable":""}
{"timestamp":"2021-03-12T23:41:08,637","container":"39e8243f6403","level":"INFO","thread":"EthScheduler-Workers-2","class":"PersistBlockTask","message":"Imported #162 / 0 tx / 0 om / 0 (0.0%) gas / (0x5da3babe6663a08beb360dda04c719e80e77137fab197c472ab99d17fa325efc) in 0.026s. Peers: 4","throwable":""}
{"timestamp":"2021-03-12T23:41:10,380","container":"39e8243f6403","level":"INFO","thread":"EthScheduler-Workers-0","class":"PersistBlockTask","message":"Imported #163 / 0 tx / 0 om / 0 (0.0%) gas / (0xebdf53b33d56ef0744defe7be81817fd9f2f1f6877cbdabc828567a35a09a463) in 0.065s. Peers: 4","throwable":""}
{"timestamp":"2021-03-12T23:41:12,228","container":"39e8243f6403","level":"INFO","thread":"EthScheduler-Workers-3","class":"PersistBlockTask","message":"Imported #164 / 0 tx / 0 om / 0 (0.0%) gas / (0x4e8873db9422e5648833279dd67d8cd222cd5d571da2d594b130e26cc8aa2836) in 0.028s. Peers: 4","throwable":""}
{"timestamp":"2021-03-12T23:41:14,733","container":"39e8243f6403","level":"INFO","thread":"EthScheduler-Workers-1","class":"PersistBlockTask","message":"Imported #165 / 0 tx / 0 om / 0 (0.0%) gas / (0x9fd6b3b63586f913aff06508e9dede9aa88b409ce694be8552a00c3dcb41d352) in 0.058s. Peers: 4","throwable":""}
{"timestamp":"2021-03-12T23:41:16,358","container":"39e8243f6403","level":"INFO","thread":"EthScheduler-Workers-2","class":"PersistBlockTask","message":"Imported #166 / 0 tx / 0 om / 0 (0.0%) gas / (0x144aebd71e997bf068f31802e165fd14bbda7955cb316144508d72f6fe4f5cfd) in 0.081s. Peers: 4","throwable":""}
{"timestamp":"2021-03-12T23:41:18,460","container":"39e8243f6403","level":"INFO","thread":"EthScheduler-Workers-0","class":"PersistBlockTask","message":"Imported #167 / 0 tx / 0 om / 0 (0.0%) gas / (0x15165479b1912911e9625690a7d0a5c8e5487f8cd6c1728c6e289f138fbe418d) in 0.029s. Peers: 4","throwable":""}
{"timestamp":"2021-03-12T23:41:21,079","container":"39e8243f6403","level":"INFO","thread":"EthScheduler-Workers-3","class":"PersistBlockTask","message":"Imported #168 / 0 tx / 0 om / 0 (0.0%) gas / (0xce6c957431d8b0d0299576d3d670ce121069bef48ea4c4f5fc8c4df1b171cd44) in 0.222s. Peers: 4","throwable":""}
{"timestamp":"2021-03-12T23:41:22,327","container":"39e8243f6403","level":"INFO","thread":"EthScheduler-Workers-1","class":"PersistBlockTask","message":"Imported #169 / 0 tx / 0 om / 0 (0.0%) gas / (0xd62acdd6e64bc51507e6dd0d997542000a66cdc19928ecf62247df399e4e57d9) in 0.048s. Peers: 4","throwable":""}
{"timestamp":"2021-03-12T23:41:33,569","container":"39e8243f6403","level":"INFO","thread":"EthScheduler-Workers-2","class":"PersistBlockTask","message":"Imported #170 / 0 tx / 0 om / 0 (0.0%) gas / (0x483819fbfbdc6a696361589e2ccc34a1a4555934a5b523c8bba5dc210c3c4f2a) in 0.288s. Peers: 4","throwable":""}
{"timestamp":"2021-03-12T23:41:34,409","container":"39e8243f6403","level":"INFO","thread":"EthScheduler-Workers-0","class":"PersistBlockTask","message":"Imported #171 / 0 tx / 0 om / 0 (0.0%) gas / (0xff28a3c4d2e6813d654c0c41e069331495b8dca6aff73c0380ac85e6240934ff) in 0.018s. Peers: 4","throwable":""}
{"timestamp":"2021-03-12T23:41:36,399","container":"39e8243f6403","level":"INFO","thread":"EthScheduler-Workers-3","class":"PersistBlockTask","message":"Imported #172 / 0 tx / 0 om / 0 (0.0%) gas / (0x02a34b2b896fb367797138d5ac94f8e9f731067d6ee0950730bef0c1e007af7b) in 0.035s. Peers: 4","throwable":""}
{"timestamp":"2021-03-12T23:41:38,455","container":"39e8243f6403","level":"INFO","thread":"EthScheduler-Workers-1","class":"PersistBlockTask","message":"Imported #173 / 0 tx / 0 om / 0 (0.0%) gas / (0x31dda6327ffe6a121e527a28a1c5959bc6791f51de6af308cfb82d09f178f0db) in 0.051s. Peers: 4","throwable":""}
{"timestamp":"2021-03-12T23:41:40,262","container":"39e8243f6403","level":"INFO","thread":"EthScheduler-Workers-2","class":"PersistBlockTask","message":"Imported #174 / 0 tx / 0 om / 0 (0.0%) gas / (0xebc73bddcbeee8c8563834b281b96d1bc87448dae3b6c78c598ebe366749ae4d) in 0.036s. Peers: 4","throwable":""}
{"timestamp":"2021-03-12T23:41:42,283","container":"39e8243f6403","level":"INFO","thread":"EthScheduler-Workers-0","class":"PersistBlockTask","message":"Imported #175 / 0 tx / 0 om / 0 (0.0%) gas / (0x4cfdd66e83ae4d45b2bce24b3f793172a37d7e5a23abed6fe6a186c62b8c314e) in 0.047s. Peers: 4","throwable":""}
{"timestamp":"2021-03-12T23:41:44,248","container":"39e8243f6403","level":"INFO","thread":"EthScheduler-Workers-3","class":"PersistBlockTask","message":"Imported #176 / 0 tx / 0 om / 0 (0.0%) gas / (0x2832867f820e2cc13b028806f2a6da0659bdc9aac2c5fe47ce69e187f0616205) in 0.016s. Peers: 4","throwable":""}
{"timestamp":"2021-03-12T23:41:46,284","container":"39e8243f6403","level":"INFO","thread":"EthScheduler-Workers-1","class":"PersistBlockTask","message":"Imported #177 / 0 tx / 0 om / 0 (0.0%) gas / (0xb77c3b8a97a26e38784140caa953ac3d612a3c636bf82349b63a26e1d3665184) in 0.047s. Peers: 4","throwable":""}
{"timestamp":"2021-03-12T23:41:48,311","container":"39e8243f6403","level":"INFO","thread":"EthScheduler-Workers-2","class":"PersistBlockTask","message":"Imported #178 / 0 tx / 0 om / 0 (0.0%) gas / (0x222b313d5c61b1e1a397d82e5163467cd32592536115d2870fcfca3b84e99a92) in 0.030s. Peers: 4","throwable":""}
{"timestamp":"2021-03-12T23:41:50,315","container":"39e8243f6403","level":"INFO","thread":"EthScheduler-Workers-0","class":"PersistBlockTask","message":"Imported #179 / 0 tx / 0 om / 0 (0.0%) gas / (0x09236f9cce883b132d8629f3a4ef1ed6c38b548dfcc04fffdefb70217f429557) in 0.029s. Peers: 4","throwable":""}
{"timestamp":"2021-03-12T23:41:52,247","container":"39e8243f6403","level":"INFO","thread":"EthScheduler-Workers-3","class":"PersistBlockTask","message":"Imported #180 / 0 tx / 0 om / 0 (0.0%) gas / (0xfc67059cc63b6bb4255bf5bf47b4014384b012d240c3eeec82225f39f24bab2a) in 0.038s. Peers: 4","throwable":""}
{"timestamp":"2021-03-12T23:42:02,983","container":"39e8243f6403","level":"INFO","thread":"EthScheduler-Workers-1","class":"PersistBlockTask","message":"Imported #181 / 0 tx / 0 om / 0 (0.0%) gas / (0xdc458b91b3e5c0de92aadef7358a185656d7c7aa88929509a71d13d731881b1d) in 0.020s. Peers: 4","throwable":""}
{"timestamp":"2021-03-12T23:42:04,251","container":"39e8243f6403","level":"INFO","thread":"EthScheduler-Workers-2","class":"PersistBlockTask","message":"Imported #182 / 0 tx / 0 om / 0 (0.0%) gas / (0x8f6e9fa31c0ecb80fe013fd611b4ef93b15664ccf56a17d24035c5e3ae672fa5) in 0.021s. Peers: 4","throwable":""}
{"timestamp":"2021-03-12T23:42:06,278","container":"39e8243f6403","level":"INFO","thread":"EthScheduler-Workers-0","class":"PersistBlockTask","message":"Imported #183 / 0 tx / 0 om / 0 (0.0%) gas / (0x4195843c48bb0dc7c59cd34772326725947f1b7228e5f73e6fd74d57494d050b) in 0.029s. Peers: 4","throwable":""}
{"timestamp":"2021-03-12T23:42:08,287","container":"39e8243f6403","level":"INFO","thread":"EthScheduler-Workers-3","class":"PersistBlockTask","message":"Imported #184 / 0 tx / 0 om / 0 (0.0%) gas / (0x08d8f85d55378e1746f1de6e2eca89858f2a9ec5ac0a991a03fafdcb309b9a44) in 0.067s. Peers: 4","throwable":""}
{"timestamp":"2021-03-12T23:42:10,190","container":"39e8243f6403","level":"INFO","thread":"EthScheduler-Workers-1","class":"PersistBlockTask","message":"Imported #185 / 0 tx / 0 om / 0 (0.0%) gas / (0xf6dfb6132553c00d0e8929f81d8a9465dbab737b8a043ccfaf572f8e08cb6b16) in 0.031s. Peers: 4","throwable":""}
{"timestamp":"2021-03-12T23:42:12,233","container":"39e8243f6403","level":"INFO","thread":"EthScheduler-Workers-2","class":"PersistBlockTask","message":"Imported #186 / 0 tx / 0 om / 0 (0.0%) gas / (0x5d98fc572edfb53a454d1faae2ba0ba894624f1aabd4cdc052c681ef64859e7b) in 0.012s. Peers: 4","throwable":""}
{"timestamp":"2021-03-12T23:42:14,212","container":"39e8243f6403","level":"INFO","thread":"EthScheduler-Workers-0","class":"PersistBlockTask","message":"Imported #187 / 0 tx / 0 om / 0 (0.0%) gas / (0x6d02c6238b125cbb6c6d6018870475016fd360d605a064aa8e671b7733452256) in 0.018s. Peers: 4","throwable":""}
{"timestamp":"2021-03-12T23:42:16,278","container":"39e8243f6403","level":"INFO","thread":"EthScheduler-Workers-3","class":"PersistBlockTask","message":"Imported #188 / 0 tx / 0 om / 0 (0.0%) gas / (0x2b87f6013f1e83e6d2600c4948c4819b8fb6180c452e6382bc17313bfe64e81f) in 0.015s. Peers: 4","throwable":""}
{"timestamp":"2021-03-12T23:42:18,480","container":"39e8243f6403","level":"INFO","thread":"EthScheduler-Workers-1","class":"PersistBlockTask","message":"Imported #189 / 0 tx / 0 om / 0 (0.0%) gas / (0x3ae843dbbcfdc7e761a64b279a50baaa290761a49ad4f714273ba33c7e6337f4) in 0.118s. Peers: 4","throwable":""}
{"timestamp":"2021-03-12T23:42:20,232","container":"39e8243f6403","level":"INFO","thread":"EthScheduler-Workers-2","class":"PersistBlockTask","message":"Imported #190 / 0 tx / 0 om / 0 (0.0%) gas / (0xa54357747bc495ecd61546bdf0ad73df7326725aeb6385e254d9eb5c1d51f0be) in 0.038s. Peers: 4","throwable":""}
{"timestamp":"2021-03-12T23:42:22,310","container":"39e8243f6403","level":"INFO","thread":"EthScheduler-Workers-0","class":"PersistBlockTask","message":"Imported #191 / 0 tx / 0 om / 0 (0.0%) gas / (0xac97efd0e7fe99af4c154c91404a876bbea4c34299cffb68383450903a108c0e) in 0.092s. Peers: 4","throwable":""}
{"timestamp":"2021-03-12T23:42:32,530","container":"39e8243f6403","level":"INFO","thread":"EthScheduler-Workers-3","class":"PersistBlockTask","message":"Imported #192 / 0 tx / 0 om / 0 (0.0%) gas / (0xa9217b89d1c94da70283344ca6a82f6e110f18e297f546f711a5e2a35469f4d8) in 0.019s. Peers: 4","throwable":""}
{"timestamp":"2021-03-12T23:42:34,303","container":"39e8243f6403","level":"INFO","thread":"EthScheduler-Workers-1","class":"PersistBlockTask","message":"Imported #193 / 0 tx / 0 om / 0 (0.0%) gas / (0xa8d1fed81f4f3b4d07eadefb08a45e9b837f8d13145c2292461804cb1596c847) in 0.024s. Peers: 4","throwable":""}
{"timestamp":"2021-03-12T23:42:36,238","container":"39e8243f6403","level":"INFO","thread":"EthScheduler-Workers-2","class":"PersistBlockTask","message":"Imported #194 / 0 tx / 0 om / 0 (0.0%) gas / (0xe1335b9bdb8870e32cdccbe94ad6774b5cedea676dfe1bfae3b981165c1f09b6) in 0.029s. Peers: 4","throwable":""}
{"timestamp":"2021-03-12T23:42:38,181","container":"39e8243f6403","level":"INFO","thread":"EthScheduler-Workers-0","class":"PersistBlockTask","message":"Imported #195 / 0 tx / 0 om / 0 (0.0%) gas / (0x54de0dc095d63d909dfe4d5822c43c0b1962a77756ef4e653ad4a68506d8e49a) in 0.028s. Peers: 4","throwable":""}
{"timestamp":"2021-03-12T23:42:40,445","container":"39e8243f6403","level":"INFO","thread":"EthScheduler-Workers-3","class":"PersistBlockTask","message":"Imported #196 / 0 tx / 0 om / 0 (0.0%) gas / (0x2b97076c9f1646bb69d40e0c32cd7caa492d1b76921d57796433f06722f0a617) in 0.031s. Peers: 4","throwable":""}
{"timestamp":"2021-03-12T23:42:42,176","container":"39e8243f6403","level":"INFO","thread":"EthScheduler-Workers-1","class":"PersistBlockTask","message":"Imported #197 / 0 tx / 0 om / 0 (0.0%) gas / (0xccd132654fefa41dff3fe01a3579c7fd2cca286ab0084deac5117f032fdc0d8a) in 0.012s. Peers: 4","throwable":""}
{"timestamp":"2021-03-12T23:42:44,261","container":"39e8243f6403","level":"INFO","thread":"EthScheduler-Workers-2","class":"PersistBlockTask","message":"Imported #198 / 0 tx / 0 om / 0 (0.0%) gas / (0x5c579a024277bedf1fa175b195452dd75ce32a2096aecc95c63bc90faf959ad2) in 0.039s. Peers: 4","throwable":""}
{"timestamp":"2021-03-12T23:42:46,384","container":"39e8243f6403","level":"INFO","thread":"EthScheduler-Workers-0","class":"PersistBlockTask","message":"Imported #199 / 0 tx / 0 om / 0 (0.0%) gas / (0x2c89de6323a8b4bec11d55926b36e7b51752b5c7767d41905477e0e6c6312d04) in 0.028s. Peers: 4","throwable":""}
{"timestamp":"2021-03-12T23:42:48,224","container":"39e8243f6403","level":"INFO","thread":"EthScheduler-Workers-3","class":"PersistBlockTask","message":"Imported #200 / 0 tx / 0 om / 0 (0.0%) gas / (0xeb9b3cdf5c2b8bb0bf4e8acb4a1e81560227806b4d3b6520dc37f1f93472ffdb) in 0.016s. Peers: 4","throwable":""}
{"timestamp":"2021-03-12T23:42:50,283","container":"39e8243f6403","level":"INFO","thread":"EthScheduler-Workers-1","class":"PersistBlockTask","message":"Imported #201 / 0 tx / 0 om / 0 (0.0%) gas / (0x73efabc4301f9b6ae819383b591f5cd822dc98bce143b11f40ed29f29771f3b9) in 0.017s. Peers: 4","throwable":""}
{"timestamp":"2021-03-12T23:42:52,251","container":"39e8243f6403","level":"INFO","thread":"EthScheduler-Workers-2","class":"PersistBlockTask","message":"Imported #202 / 0 tx / 0 om / 0 (0.0%) gas / (0xd5f54073d4ab9836e874f293a24864b8834975ec12978391b7c6d3e7c412afc7) in 0.020s. Peers: 4","throwable":""}
{"timestamp":"2021-03-12T23:43:03,497","container":"39e8243f6403","level":"INFO","thread":"EthScheduler-Workers-0","class":"PersistBlockTask","message":"Imported #203 / 0 tx / 0 om / 0 (0.0%) gas / (0x8cf0e58dc5c50d208247c9de9d340d206e94ef2b6bd8e73ec7a69e58e37721f8) in 0.070s. Peers: 4","throwable":""}
{"timestamp":"2021-03-12T23:43:04,373","container":"39e8243f6403","level":"INFO","thread":"EthScheduler-Workers-3","class":"PersistBlockTask","message":"Imported #204 / 0 tx / 0 om / 0 (0.0%) gas / (0xa73fdb12531bc73b7045736272a3c9e52f8a1239e1698eae853b26b107d38473) in 0.041s. Peers: 4","throwable":""}
{"timestamp":"2021-03-12T23:43:06,238","container":"39e8243f6403","level":"INFO","thread":"EthScheduler-Workers-1","class":"PersistBlockTask","message":"Imported #205 / 0 tx / 0 om / 0 (0.0%) gas / (0x433ed811e8b73ee987af26e3379dc4f59f524835faa4294a51a0da70c6e57a84) in 0.029s. Peers: 4","throwable":""}
{"timestamp":"2021-03-12T23:43:08,425","container":"39e8243f6403","level":"INFO","thread":"EthScheduler-Workers-2","class":"PersistBlockTask","message":"Imported #206 / 0 tx / 0 om / 0 (0.0%) gas / (0x9d335976a8a5f88d1efbf01a3272bd002f69a563d9c1d3e89a6abe04b51f98db) in 0.039s. Peers: 4","throwable":""}
{"timestamp":"2021-03-12T23:43:10,239","container":"39e8243f6403","level":"INFO","thread":"EthScheduler-Workers-0","class":"PersistBlockTask","message":"Imported #207 / 0 tx / 0 om / 0 (0.0%) gas / (0x7759e96e3de72542b4a5ddb21b798bb75e581362494a53364e6f56ac4c965233) in 0.054s. Peers: 4","throwable":""}
{"timestamp":"2021-03-12T23:43:12,333","container":"39e8243f6403","level":"INFO","thread":"EthScheduler-Workers-3","class":"PersistBlockTask","message":"Imported #208 / 0 tx / 0 om / 0 (0.0%) gas / (0xe18eb7e6f8b60558da72b32bd691b77263f20cb16fc4f2bdc4ef6020d9bf0936) in 0.049s. Peers: 4","throwable":""}
{"timestamp":"2021-03-12T23:43:14,329","container":"39e8243f6403","level":"INFO","thread":"EthScheduler-Workers-1","class":"PersistBlockTask","message":"Imported #209 / 0 tx / 0 om / 0 (0.0%) gas / (0x64d54a3f6ec2e3569bb23a46d9fb1276a47818e1b8e0d4345b6ddd082e3a435a) in 0.028s. Peers: 4","throwable":""}
{"timestamp":"2021-03-12T23:43:16,181","container":"39e8243f6403","level":"INFO","thread":"EthScheduler-Workers-2","class":"PersistBlockTask","message":"Imported #210 / 0 tx / 0 om / 0 (0.0%) gas / (0xeebf648e5bef06cda9316ca78a6d5baba3ef238f8c06f8a01ff9663e91aeecce) in 0.025s. Peers: 4","throwable":""}
{"timestamp":"2021-03-12T23:43:18,285","container":"39e8243f6403","level":"INFO","thread":"EthScheduler-Workers-0","class":"PersistBlockTask","message":"Imported #211 / 0 tx / 0 om / 0 (0.0%) gas / (0xbc64c9c5a27f330d6d3751ce4979fd30a55530ad44e35a24ff00714ee8f1a756) in 0.038s. Peers: 4","throwable":""}
{"timestamp":"2021-03-12T23:43:20,849","container":"39e8243f6403","level":"INFO","thread":"EthScheduler-Workers-3","class":"PersistBlockTask","message":"Imported #212 / 0 tx / 0 om / 0 (0.0%) gas / (0xe80d3e291ad1ef76bb5a3824dcd2e3cdd536cc6231359d9a8200a00f5da6edc9) in 0.007s. Peers: 4","throwable":""}
{"timestamp":"2021-03-12T23:43:22,182","container":"39e8243f6403","level":"INFO","thread":"EthScheduler-Workers-1","class":"PersistBlockTask","message":"Imported #213 / 0 tx / 0 om / 0 (0.0%) gas / (0x129da2b8d9ecc86c31c191ccc97825721c3c104b01f70bb2d4c62b92ddfdc42a) in 0.022s. Peers: 4","throwable":""}
{"timestamp":"2021-03-12T23:43:32,490","container":"39e8243f6403","level":"INFO","thread":"EthScheduler-Workers-2","class":"PersistBlockTask","message":"Imported #214 / 0 tx / 0 om / 0 (0.0%) gas / (0x8dbe69c08e70bcfecb5471635475a67e275e2f3b0e6fef605ec4accbbcd893e4) in 0.010s. Peers: 4","throwable":""}
{"timestamp":"2021-03-12T23:43:34,198","container":"39e8243f6403","level":"INFO","thread":"EthScheduler-Workers-0","class":"PersistBlockTask","message":"Imported #215 / 0 tx / 0 om / 0 (0.0%) gas / (0x6367d93863f4a779ad76669af0b83159ff825fa00d53230dca02bbc7162b0b4d) in 0.026s. Peers: 4","throwable":""}
{"timestamp":"2021-03-12T23:43:36,213","container":"39e8243f6403","level":"INFO","thread":"EthScheduler-Workers-3","class":"PersistBlockTask","message":"Imported #216 / 0 tx / 0 om / 0 (0.0%) gas / (0x0bfbd402d0d836ac1f5b92d6e6da7da39f1668bc2de2849a37fc8725d11dc0d9) in 0.008s. Peers: 4","throwable":""}
{"timestamp":"2021-03-12T23:43:38,218","container":"39e8243f6403","level":"INFO","thread":"EthScheduler-Workers-1","class":"PersistBlockTask","message":"Imported #217 / 0 tx / 0 om / 0 (0.0%) gas / (0x44760e12cdf432f64d1f67aac95bd78ee2bea75269bae562ab74e38d988d08be) in 0.019s. Peers: 4","throwable":""}
{"timestamp":"2021-03-12T23:43:40,261","container":"39e8243f6403","level":"INFO","thread":"EthScheduler-Workers-2","class":"PersistBlockTask","message":"Imported #218 / 0 tx / 0 om / 0 (0.0%) gas / (0x68d34f2ccbb2f8b1ac30c700876e988d6a637522099a5e764f6623f74055661a) in 0.041s. Peers: 4","throwable":""}
{"timestamp":"2021-03-12T23:43:42,205","container":"39e8243f6403","level":"INFO","thread":"EthScheduler-Workers-0","class":"PersistBlockTask","message":"Imported #219 / 0 tx / 0 om / 0 (0.0%) gas / (0x21f64be32846782ca20e9476fa0cda418e2726d1ae24b3ca1c4ba60f0aaaef19) in 0.016s. Peers: 4","throwable":""}
{"timestamp":"2021-03-12T23:43:44,258","container":"39e8243f6403","level":"INFO","thread":"EthScheduler-Workers-3","class":"PersistBlockTask","message":"Imported #220 / 0 tx / 0 om / 0 (0.0%) gas / (0xae9aa189eca3660116f027a53586c02c727eb222a450ee665ba792c9285e93b8) in 0.036s. Peers: 4","throwable":""}
{"timestamp":"2021-03-12T23:43:46,293","container":"39e8243f6403","level":"INFO","thread":"EthScheduler-Workers-1","class":"PersistBlockTask","message":"Imported #221 / 0 tx / 0 om / 0 (0.0%) gas / (0x1a06c08fa49c326fb21e716d7f4e8373ab7e524c796a370f9f9616456d1c97cd) in 0.042s. Peers: 4","throwable":""}
{"timestamp":"2021-03-12T23:43:48,368","container":"39e8243f6403","level":"INFO","thread":"EthScheduler-Workers-2","class":"PersistBlockTask","message":"Imported #222 / 0 tx / 0 om / 0 (0.0%) gas / (0x562be0ab057ab93249ffb476f7a4446081f9dcae75657fb228f6bcb3031a595a) in 0.027s. Peers: 4","throwable":""}
{"timestamp":"2021-03-12T23:43:50,514","container":"39e8243f6403","level":"INFO","thread":"EthScheduler-Workers-0","class":"PersistBlockTask","message":"Imported #223 / 0 tx / 0 om / 0 (0.0%) gas / (0x77a567999f4b1dacf2b27788d7e5d3d5bb98a6ff2ccc38ce1bab4e57e5e76689) in 0.047s. Peers: 4","throwable":""}
{"timestamp":"2021-03-12T23:43:52,311","container":"39e8243f6403","level":"INFO","thread":"EthScheduler-Workers-3","class":"PersistBlockTask","message":"Imported #224 / 0 tx / 0 om / 0 (0.0%) gas / (0x8bdfc75a50eb1f5c1bf9e0b7302324ee5cec1e875b651db1f22c57655b3dca24) in 0.050s. Peers: 4","throwable":""}
{"timestamp":"2021-03-12T23:44:02,517","container":"39e8243f6403","level":"INFO","thread":"EthScheduler-Workers-1","class":"PersistBlockTask","message":"Imported #225 / 0 tx / 0 om / 0 (0.0%) gas / (0x5c154a399695b093148da81e7b17f83b2c547e52382de0934bdf4377b9a3add8) in 0.044s. Peers: 4","throwable":""}
{"timestamp":"2021-03-12T23:44:04,180","container":"39e8243f6403","level":"INFO","thread":"EthScheduler-Workers-2","class":"PersistBlockTask","message":"Imported #226 / 0 tx / 0 om / 0 (0.0%) gas / (0x1c9d125d590d1e4e3336f150f623b8cf771afc1d15ac821bf3765cdde75ec841) in 0.026s. Peers: 4","throwable":""}
{"timestamp":"2021-03-12T23:44:06,372","container":"39e8243f6403","level":"INFO","thread":"EthScheduler-Workers-0","class":"PersistBlockTask","message":"Imported #227 / 0 tx / 0 om / 0 (0.0%) gas / (0x1c57a2ee02d46fc81e014610c79b6a8e2f15a07a5260d72c1c68103b3a62ee9d) in 0.047s. Peers: 4","throwable":""}
{"timestamp":"2021-03-12T23:44:08,218","container":"39e8243f6403","level":"INFO","thread":"EthScheduler-Workers-3","class":"PersistBlockTask","message":"Imported #228 / 0 tx / 0 om / 0 (0.0%) gas / (0x267983e868a707199bd1ff0fb78e90b7d53d0374cddc9d39ac421e95f22f53b3) in 0.036s. Peers: 4","throwable":""}
{"timestamp":"2021-03-12T23:44:10,319","container":"39e8243f6403","level":"INFO","thread":"EthScheduler-Workers-1","class":"PersistBlockTask","message":"Imported #229 / 0 tx / 0 om / 0 (0.0%) gas / (0xcc1bbb7db4966fb773e37cf6a63027074954912e6f4a7e72f95b8f0f13be57da) in 0.019s. Peers: 4","throwable":""}
{"timestamp":"2021-03-12T23:44:12,278","container":"39e8243f6403","level":"INFO","thread":"EthScheduler-Workers-2","class":"PersistBlockTask","message":"Imported #230 / 0 tx / 0 om / 0 (0.0%) gas / (0xb8693703b533a23aa261cf09d03d99177900b24a58b6de0ae1bb9a4a699761b1) in 0.039s. Peers: 4","throwable":""}
{"timestamp":"2021-03-12T23:44:14,170","container":"39e8243f6403","level":"INFO","thread":"EthScheduler-Workers-0","class":"PersistBlockTask","message":"Imported #231 / 0 tx / 0 om / 0 (0.0%) gas / (0x9be790a5d1ab2f838f9c1d2d7d30513c52cb4a1df5c710bd8f861378773f1b65) in 0.013s. Peers: 4","throwable":""}
{"timestamp":"2021-03-12T23:44:16,268","container":"39e8243f6403","level":"INFO","thread":"EthScheduler-Workers-3","class":"PersistBlockTask","message":"Imported #232 / 0 tx / 0 om / 0 (0.0%) gas / (0xb1a84b472d4a0fe8dcb8e35ac9d8c716cf93ee43f602264bb5e8d99c2a12afe3) in 0.052s. Peers: 4","throwable":""}
{"timestamp":"2021-03-12T23:44:18,181","container":"39e8243f6403","level":"INFO","thread":"EthScheduler-Workers-1","class":"PersistBlockTask","message":"Imported #233 / 0 tx / 0 om / 0 (0.0%) gas / (0x5d7830dd0edcbb1540d2607f7832d59d342dbc2e7509f0b8f005a1771d360dc6) in 0.025s. Peers: 4","throwable":""}
{"timestamp":"2021-03-12T23:44:20,189","container":"39e8243f6403","level":"INFO","thread":"EthScheduler-Workers-2","class":"PersistBlockTask","message":"Imported #234 / 0 tx / 0 om / 0 (0.0%) gas / (0xfb0836644c1df91ae01b83fce66116683122438e806960ccb24f8ce1b94bf9db) in 0.020s. Peers: 4","throwable":""}
{"timestamp":"2021-03-12T23:44:22,182","container":"39e8243f6403","level":"INFO","thread":"EthScheduler-Workers-0","class":"PersistBlockTask","message":"Imported #235 / 0 tx / 0 om / 0 (0.0%) gas / (0x40d39a6f65c59e26d67414dc2a00598ef95dbcc6fb0b41f701dc9cc8d5d0122d) in 0.022s. Peers: 4","throwable":""}
{"timestamp":"2021-03-12T23:44:32,890","container":"39e8243f6403","level":"INFO","thread":"EthScheduler-Workers-3","class":"PersistBlockTask","message":"Imported #236 / 0 tx / 0 om / 0 (0.0%) gas / (0x0ccb8a09393a6fd1e2c3eccc42c55f67360bdb2e8455d8789fd7d9351addcee9) in 0.083s. Peers: 4","throwable":""}
{"timestamp":"2021-03-12T23:44:35,134","container":"39e8243f6403","level":"INFO","thread":"EthScheduler-Workers-1","class":"PersistBlockTask","message":"Imported #237 / 0 tx / 0 om / 0 (0.0%) gas / (0x6393a5bd2eec08feaea01c1f834105467798db4858136673fbbd335edf21dd4f) in 0.055s. Peers: 4","throwable":""}
{"timestamp":"2021-03-12T23:44:38,648","container":"39e8243f6403","level":"INFO","thread":"pool-9-thread-1","class":"IbftProcessor","message":"Shutting down IBFT event processor","throwable":""}
{"timestamp":"2021-03-12T23:44:38,732","container":"39e8243f6403","level":"INFO","thread":"Thread-1","class":"DefaultSynchronizer","message":"Stopping synchronizer","throwable":""}
{"timestamp":"2021-03-12T23:44:38,790","container":"39e8243f6403","level":"INFO","thread":"Thread-1","class":"NetworkRunner","message":"Stopping Network.","throwable":""}
{"timestamp":"2021-03-12T23:44:39,178","container":"39e8243f6403","level":"INFO","thread":"Thread-1","class":"EthProtocolManager","message":"Stopping eth Subprotocol.","throwable":""}
{"timestamp":"2021-03-12T23:44:39,464","container":"39e8243f6403","level":"INFO","thread":"Thread-1","class":"EthProtocolManager","message":"eth Subprotocol stopped.","throwable":""}
{"timestamp":"2021-03-12T23:44:39,481","container":"39e8243f6403","level":"INFO","thread":"Thread-1","class":"NetworkRunner","message":"Network stopped.","throwable":""}
{"timestamp":"2021-03-12T23:44:39,511","container":"39e8243f6403","level":"INFO","thread":"Thread-1","class":"AutoTransactionLogBloomCachingService","message":"Shutting down Auto transaction logs caching service.","throwable":""}
{"timestamp":"2021-03-12T23:44:40,071","container":"39e8243f6403","level":"INFO","thread":"Thread-1","class":"DockerNatManager","message":"Stopping docker NAT manager.","throwable":""}
